#
# A fatal error has been detected by the Java Runtime Environment:
#
#  EXCEPTION_ACCESS_VIOLATION (0xc0000005) at pc=0x00007ff834fb1955, pid=7832, tid=1776
#
# JRE version: OpenJDK Runtime Environment Temurin-17.0.4+8 (17.0.4+8) (build 17.0.4+8)
# Java VM: OpenJDK 64-Bit Server VM Temurin-17.0.4+8 (17.0.4+8, mixed mode, emulated-client, tiered, compressed oops, compressed class ptrs, g1 gc, windows-amd64)
# Problematic frame:
# C  [e_pdf_convert_x64.dll+0x1955]
#
# No core dump will be written. Minidumps are not enabled by default on client versions of Windows
#
# If you would like to submit a bug report, please visit:
#   https://github.com/adoptium/adoptium-support/issues
# The crash happened outside the Java Virtual Machine in native code.
# See problematic frame for where to report the bug.
#

---------------  S U M M A R Y ------------

Command Line: -Dcom.sun.management.jmxremote -Dcom.sun.management.jmxremote.port=57284 -Dcom.sun.management.jmxremote.authenticate=false -Dcom.sun.management.jmxremote.ssl=false -Djava.rmi.server.hostname=localhost -Dspring.jmx.enabled=true -Dspring.application.admin.enabled=true -Djava.library.path=C:\workspaceStartupHub\FMDS\src\main\resources\static\install\e_pdf -XX:TieredStopAtLevel=1 -Dspring.boot.project.name=FMDS -Dfile.encoding=UTF-8 -XX:+ShowCodeDetailsInExceptionMessages kr.esob.fdms.FdmsApplication --spring.output.ansi.enabled=always

Host: 12th Gen Intel(R) Core(TM) i7-12700K, 20 cores, 31G,  Windows 10 , 64 bit Build 19041 (10.0.19041.2546)
Time: Tue Mar 21 17:19:48 2023  Windows 10 , 64 bit Build 19041 (10.0.19041.2546) elapsed time: 22.045202 seconds (0d 0h 0m 22s)

---------------  T H R E A D  ---------------

Current thread (0x0000023ba80b5080):  JavaThread "http-nio-7440-exec-5" daemon [_thread_in_native, id=1776, stack(0x000000de02c00000,0x000000de02d00000)]

Stack: [0x000000de02c00000,0x000000de02d00000],  sp=0x000000de02cfa710,  free space=1001k
Native frames: (J=compiled Java code, j=interpreted, Vv=VM code, C=native code)
C  [e_pdf_convert_x64.dll+0x1955]

Java frames: (J=compiled Java code, j=interpreted, Vv=VM code)
j  epdf.epdfmerge.pdfmerge(Ljava/lang/String;Ljava/lang/String;)I+0
j  kr.esob.fdms.commonlogic.viewer.CommonViewerService.getMergePrintInfo(Lkr/esob/fdms/commonlogic/viewer/CommonViewerParam;)Lkr/esob/fdms/commonlogic/viewer/CommonViewerVO;+1401
j  kr.esob.fdms.commonlogic.viewer.CommonViewerController.getMergePrintInfo(Lkr/esob/fdms/commonlogic/viewer/CommonViewerParam;)Lkr/esob/fdms/commonlogic/viewer/CommonViewerVO;+5
v  ~StubRoutines::call_stub
J 2368  jdk.internal.reflect.NativeMethodAccessorImpl.invoke0(Ljava/lang/reflect/Method;Ljava/lang/Object;[Ljava/lang/Object;)Ljava/lang/Object; java.base@17.0.4 (0 bytes) @ 0x0000023b88072aa7 [0x0000023b88072a20+0x0000000000000087]
J 2367 c1 jdk.internal.reflect.NativeMethodAccessorImpl.invoke(Ljava/lang/Object;[Ljava/lang/Object;)Ljava/lang/Object; java.base@17.0.4 (137 bytes) @ 0x0000023b8807434c [0x0000023b88074000+0x000000000000034c]
J 2311 c1 jdk.internal.reflect.DelegatingMethodAccessorImpl.invoke(Ljava/lang/Object;[Ljava/lang/Object;)Ljava/lang/Object; java.base@17.0.4 (10 bytes) @ 0x0000023b880480e4 [0x0000023b880480a0+0x0000000000000044]
J 2320 c1 java.lang.reflect.Method.invoke(Ljava/lang/Object;[Ljava/lang/Object;)Ljava/lang/Object; java.base@17.0.4 (65 bytes) @ 0x0000023b8804b46c [0x0000023b8804b360+0x000000000000010c]
j  org.springframework.web.method.support.InvocableHandlerMethod.doInvoke([Ljava/lang/Object;)Ljava/lang/Object;+16
j  org.springframework.web.method.support.InvocableHandlerMethod.invokeForRequest(Lorg/springframework/web/context/request/NativeWebRequest;Lorg/springframework/web/method/support/ModelAndViewContainer;[Ljava/lang/Object;)Ljava/lang/Object;+56
j  org.springframework.web.servlet.mvc.method.annotation.ServletInvocableHandlerMethod.invokeAndHandle(Lorg/springframework/web/context/request/ServletWebRequest;Lorg/springframework/web/method/support/ModelAndViewContainer;[Ljava/lang/Object;)V+4
j  org.springframework.web.servlet.mvc.method.annotation.RequestMappingHandlerAdapter.invokeHandlerMethod(Ljavax/servlet/http/HttpServletRequest;Ljavax/servlet/http/HttpServletResponse;Lorg/springframework/web/method/HandlerMethod;)Lorg/springframework/web/servlet/ModelAndView;+244
j  org.springframework.web.servlet.mvc.method.annotation.RequestMappingHandlerAdapter.handleInternal(Ljavax/servlet/http/HttpServletRequest;Ljavax/servlet/http/HttpServletResponse;Lorg/springframework/web/method/HandlerMethod;)Lorg/springframework/web/servlet/ModelAndView;+81
j  org.springframework.web.servlet.mvc.method.AbstractHandlerMethodAdapter.handle(Ljavax/servlet/http/HttpServletRequest;Ljavax/servlet/http/HttpServletResponse;Ljava/lang/Object;)Lorg/springframework/web/servlet/ModelAndView;+7
j  org.springframework.web.servlet.DispatcherServlet.doDispatch(Ljavax/servlet/http/HttpServletRequest;Ljavax/servlet/http/HttpServletResponse;)V+257
j  org.springframework.web.servlet.DispatcherServlet.doService(Ljavax/servlet/http/HttpServletRequest;Ljavax/servlet/http/HttpServletResponse;)V+212
j  org.springframework.web.servlet.FrameworkServlet.processRequest(Ljavax/servlet/http/HttpServletRequest;Ljavax/servlet/http/HttpServletResponse;)V+71
j  org.springframework.web.servlet.FrameworkServlet.doPost(Ljavax/servlet/http/HttpServletRequest;Ljavax/servlet/http/HttpServletResponse;)V+3
j  javax.servlet.http.HttpServlet.service(Ljavax/servlet/http/HttpServletRequest;Ljavax/servlet/http/HttpServletResponse;)V+149
j  org.springframework.web.servlet.FrameworkServlet.service(Ljavax/servlet/http/HttpServletRequest;Ljavax/servlet/http/HttpServletResponse;)V+33
j  javax.servlet.http.HttpServlet.service(Ljavax/servlet/ServletRequest;Ljavax/servlet/ServletResponse;)V+36
J 10449 c1 org.apache.catalina.core.ApplicationFilterChain.internalDoFilter(Ljavax/servlet/ServletRequest;Ljavax/servlet/ServletResponse;)V (388 bytes) @ 0x0000023b88df47ec [0x0000023b88df4580+0x000000000000026c]
J 10448 c1 org.apache.catalina.core.ApplicationFilterChain.doFilter(Ljavax/servlet/ServletRequest;Ljavax/servlet/ServletResponse;)V (105 bytes) @ 0x0000023b88df3054 [0x0000023b88df3020+0x0000000000000034]
j  org.apache.tomcat.websocket.server.WsFilter.doFilter(Ljavax/servlet/ServletRequest;Ljavax/servlet/ServletResponse;Ljavax/servlet/FilterChain;)V+21
J 10449 c1 org.apache.catalina.core.ApplicationFilterChain.internalDoFilter(Ljavax/servlet/ServletRequest;Ljavax/servlet/ServletResponse;)V (388 bytes) @ 0x0000023b88df4a04 [0x0000023b88df4580+0x0000000000000484]
J 10448 c1 org.apache.catalina.core.ApplicationFilterChain.doFilter(Ljavax/servlet/ServletRequest;Ljavax/servlet/ServletResponse;)V (105 bytes) @ 0x0000023b88df3054 [0x0000023b88df3020+0x0000000000000034]
j  org.sitemesh.webapp.contentfilter.ContentBufferingFilter.bufferAndPostProcess(Ljavax/servlet/FilterChain;Ljavax/servlet/http/HttpServletRequest;Ljavax/servlet/http/HttpServletResponse;Lorg/sitemesh/webapp/contentfilter/Selector;)V+36
j  org.sitemesh.webapp.contentfilter.ContentBufferingFilter.doFilter(Ljavax/servlet/ServletRequest;Ljavax/servlet/ServletResponse;Ljavax/servlet/FilterChain;)V+119
j  org.sitemesh.webapp.SiteMeshFilter.doFilter(Ljavax/servlet/ServletRequest;Ljavax/servlet/ServletResponse;Ljavax/servlet/FilterChain;)V+105
j  org.sitemesh.config.ConfigurableSiteMeshFilter.doFilter(Ljavax/servlet/ServletRequest;Ljavax/servlet/ServletResponse;Ljavax/servlet/FilterChain;)V+51
J 10449 c1 org.apache.catalina.core.ApplicationFilterChain.internalDoFilter(Ljavax/servlet/ServletRequest;Ljavax/servlet/ServletResponse;)V (388 bytes) @ 0x0000023b88df4a04 [0x0000023b88df4580+0x0000000000000484]
J 10448 c1 org.apache.catalina.core.ApplicationFilterChain.doFilter(Ljavax/servlet/ServletRequest;Ljavax/servlet/ServletResponse;)V (105 bytes) @ 0x0000023b88df3054 [0x0000023b88df3020+0x0000000000000034]
j  com.navercorp.lucy.security.xss.servletfilter.XssEscapeServletFilter.doFilter(Ljavax/servlet/ServletRequest;Ljavax/servlet/ServletResponse;Ljavax/servlet/FilterChain;)V+14
J 10449 c1 org.apache.catalina.core.ApplicationFilterChain.internalDoFilter(Ljavax/servlet/ServletRequest;Ljavax/servlet/ServletResponse;)V (388 bytes) @ 0x0000023b88df4a04 [0x0000023b88df4580+0x0000000000000484]
J 10448 c1 org.apache.catalina.core.ApplicationFilterChain.doFilter(Ljavax/servlet/ServletRequest;Ljavax/servlet/ServletResponse;)V (105 bytes) @ 0x0000023b88df3054 [0x0000023b88df3020+0x0000000000000034]
J 10286 c1 org.springframework.security.web.FilterChainProxy$VirtualFilterChain.doFilter(Ljavax/servlet/ServletRequest;Ljavax/servlet/ServletResponse;)V (198 bytes) @ 0x0000023b88db317c [0x0000023b88db2580+0x0000000000000bfc]
j  org.springframework.security.web.access.intercept.FilterSecurityInterceptor.invoke(Lorg/springframework/security/web/FilterInvocation;)V+94
j  org.springframework.security.web.access.intercept.FilterSecurityInterceptor.doFilter(Ljavax/servlet/ServletRequest;Ljavax/servlet/ServletResponse;Ljavax/servlet/FilterChain;)V+15
J 10286 c1 org.springframework.security.web.FilterChainProxy$VirtualFilterChain.doFilter(Ljavax/servlet/ServletRequest;Ljavax/servlet/ServletResponse;)V (198 bytes) @ 0x0000023b88db312c [0x0000023b88db2580+0x0000000000000bac]
j  org.springframework.security.web.access.ExceptionTranslationFilter.doFilter(Ljavax/servlet/ServletRequest;Ljavax/servlet/ServletResponse;Ljavax/servlet/FilterChain;)V+17
J 10286 c1 org.springframework.security.web.FilterChainProxy$VirtualFilterChain.doFilter(Ljavax/servlet/ServletRequest;Ljavax/servlet/ServletResponse;)V (198 bytes) @ 0x0000023b88db312c [0x0000023b88db2580+0x0000000000000bac]
j  org.springframework.security.web.session.SessionManagementFilter.doFilter(Ljavax/servlet/ServletRequest;Ljavax/servlet/ServletResponse;Ljavax/servlet/FilterChain;)V+258
J 10286 c1 org.springframework.security.web.FilterChainProxy$VirtualFilterChain.doFilter(Ljavax/servlet/ServletRequest;Ljavax/servlet/ServletResponse;)V (198 bytes) @ 0x0000023b88db312c [0x0000023b88db2580+0x0000000000000bac]
j  org.springframework.security.web.authentication.AnonymousAuthenticationFilter.doFilter(Ljavax/servlet/ServletRequest;Ljavax/servlet/ServletResponse;Ljavax/servlet/FilterChain;)V+137
J 10286 c1 org.springframework.security.web.FilterChainProxy$VirtualFilterChain.doFilter(Ljavax/servlet/ServletRequest;Ljavax/servlet/ServletResponse;)V (198 bytes) @ 0x0000023b88db312c [0x0000023b88db2580+0x0000000000000bac]
j  org.springframework.security.web.servletapi.SecurityContextHolderAwareRequestFilter.doFilter(Ljavax/servlet/ServletRequest;Ljavax/servlet/ServletResponse;Ljavax/servlet/FilterChain;)V+19
J 10286 c1 org.springframework.security.web.FilterChainProxy$VirtualFilterChain.doFilter(Ljavax/servlet/ServletRequest;Ljavax/servlet/ServletResponse;)V (198 bytes) @ 0x0000023b88db312c [0x0000023b88db2580+0x0000000000000bac]
j  org.springframework.security.web.savedrequest.RequestCacheAwareFilter.doFilter(Ljavax/servlet/ServletRequest;Ljavax/servlet/ServletResponse;Ljavax/servlet/FilterChain;)V+32
J 10286 c1 org.springframework.security.web.FilterChainProxy$VirtualFilterChain.doFilter(Ljavax/servlet/ServletRequest;Ljavax/servlet/ServletResponse;)V (198 bytes) @ 0x0000023b88db312c [0x0000023b88db2580+0x0000000000000bac]
j  org.springframework.security.web.authentication.AbstractAuthenticationProcessingFilter.doFilter(Ljavax/servlet/ServletRequest;Ljavax/servlet/ServletResponse;Ljavax/servlet/FilterChain;)V+28
J 10286 c1 org.springframework.security.web.FilterChainProxy$VirtualFilterChain.doFilter(Ljavax/servlet/ServletRequest;Ljavax/servlet/ServletResponse;)V (198 bytes) @ 0x0000023b88db312c [0x0000023b88db2580+0x0000000000000bac]
j  org.springframework.security.web.authentication.logout.LogoutFilter.doFilter(Ljavax/servlet/ServletRequest;Ljavax/servlet/ServletResponse;Ljavax/servlet/FilterChain;)V+115
J 10286 c1 org.springframework.security.web.FilterChainProxy$VirtualFilterChain.doFilter(Ljavax/servlet/ServletRequest;Ljavax/servlet/ServletResponse;)V (198 bytes) @ 0x0000023b88db312c [0x0000023b88db2580+0x0000000000000bac]
j  org.springframework.security.web.header.HeaderWriterFilter.doFilterInternal(Ljavax/servlet/http/HttpServletRequest;Ljavax/servlet/http/HttpServletResponse;Ljavax/servlet/FilterChain;)V+32
j  org.springframework.web.filter.OncePerRequestFilter.doFilter(Ljavax/servlet/ServletRequest;Ljavax/servlet/ServletResponse;Ljavax/servlet/FilterChain;)V+111
J 10286 c1 org.springframework.security.web.FilterChainProxy$VirtualFilterChain.doFilter(Ljavax/servlet/ServletRequest;Ljavax/servlet/ServletResponse;)V (198 bytes) @ 0x0000023b88db312c [0x0000023b88db2580+0x0000000000000bac]
j  org.springframework.security.web.context.SecurityContextPersistenceFilter.doFilter(Ljavax/servlet/ServletRequest;Ljavax/servlet/ServletResponse;Ljavax/servlet/FilterChain;)V+165
J 10286 c1 org.springframework.security.web.FilterChainProxy$VirtualFilterChain.doFilter(Ljavax/servlet/ServletRequest;Ljavax/servlet/ServletResponse;)V (198 bytes) @ 0x0000023b88db312c [0x0000023b88db2580+0x0000000000000bac]
j  org.springframework.security.web.context.request.async.WebAsyncManagerIntegrationFilter.doFilterInternal(Ljavax/servlet/http/HttpServletRequest;Ljavax/servlet/http/HttpServletResponse;Ljavax/servlet/FilterChain;)V+42
j  org.springframework.web.filter.OncePerRequestFilter.doFilter(Ljavax/servlet/ServletRequest;Ljavax/servlet/ServletResponse;Ljavax/servlet/FilterChain;)V+111
J 10286 c1 org.springframework.security.web.FilterChainProxy$VirtualFilterChain.doFilter(Ljavax/servlet/ServletRequest;Ljavax/servlet/ServletResponse;)V (198 bytes) @ 0x0000023b88db312c [0x0000023b88db2580+0x0000000000000bac]
j  org.springframework.security.web.FilterChainProxy.doFilterInternal(Ljavax/servlet/ServletRequest;Ljavax/servlet/ServletResponse;Ljavax/servlet/FilterChain;)V+142
j  org.springframework.security.web.FilterChainProxy.doFilter(Ljavax/servlet/ServletRequest;Ljavax/servlet/ServletResponse;Ljavax/servlet/FilterChain;)V+40
j  org.springframework.web.filter.DelegatingFilterProxy.invokeDelegate(Ljavax/servlet/Filter;Ljavax/servlet/ServletRequest;Ljavax/servlet/ServletResponse;Ljavax/servlet/FilterChain;)V+5
j  org.springframework.web.filter.DelegatingFilterProxy.doFilter(Ljavax/servlet/ServletRequest;Ljavax/servlet/ServletResponse;Ljavax/servlet/FilterChain;)V+85
J 10449 c1 org.apache.catalina.core.ApplicationFilterChain.internalDoFilter(Ljavax/servlet/ServletRequest;Ljavax/servlet/ServletResponse;)V (388 bytes) @ 0x0000023b88df4a04 [0x0000023b88df4580+0x0000000000000484]
J 10448 c1 org.apache.catalina.core.ApplicationFilterChain.doFilter(Ljavax/servlet/ServletRequest;Ljavax/servlet/ServletResponse;)V (105 bytes) @ 0x0000023b88df3054 [0x0000023b88df3020+0x0000000000000034]
j  org.springframework.web.filter.RequestContextFilter.doFilterInternal(Ljavax/servlet/http/HttpServletRequest;Ljavax/servlet/http/HttpServletResponse;Ljavax/servlet/FilterChain;)V+21
j  org.springframework.web.filter.OncePerRequestFilter.doFilter(Ljavax/servlet/ServletRequest;Ljavax/servlet/ServletResponse;Ljavax/servlet/FilterChain;)V+111
J 10449 c1 org.apache.catalina.core.ApplicationFilterChain.internalDoFilter(Ljavax/servlet/ServletRequest;Ljavax/servlet/ServletResponse;)V (388 bytes) @ 0x0000023b88df4a04 [0x0000023b88df4580+0x0000000000000484]
J 10448 c1 org.apache.catalina.core.ApplicationFilterChain.doFilter(Ljavax/servlet/ServletRequest;Ljavax/servlet/ServletResponse;)V (105 bytes) @ 0x0000023b88df3054 [0x0000023b88df3020+0x0000000000000034]
j  org.springframework.web.filter.FormContentFilter.doFilterInternal(Ljavax/servlet/http/HttpServletRequest;Ljavax/servlet/http/HttpServletResponse;Ljavax/servlet/FilterChain;)V+38
j  org.springframework.web.filter.OncePerRequestFilter.doFilter(Ljavax/servlet/ServletRequest;Ljavax/servlet/ServletResponse;Ljavax/servlet/FilterChain;)V+111
J 10449 c1 org.apache.catalina.core.ApplicationFilterChain.internalDoFilter(Ljavax/servlet/ServletRequest;Ljavax/servlet/ServletResponse;)V (388 bytes) @ 0x0000023b88df4a04 [0x0000023b88df4580+0x0000000000000484]
J 10448 c1 org.apache.catalina.core.ApplicationFilterChain.doFilter(Ljavax/servlet/ServletRequest;Ljavax/servlet/ServletResponse;)V (105 bytes) @ 0x0000023b88df3054 [0x0000023b88df3020+0x0000000000000034]
j  org.springframework.web.filter.HiddenHttpMethodFilter.doFilterInternal(Ljavax/servlet/http/HttpServletRequest;Ljavax/servlet/http/HttpServletResponse;Ljavax/servlet/FilterChain;)V+87
j  org.springframework.web.filter.OncePerRequestFilter.doFilter(Ljavax/servlet/ServletRequest;Ljavax/servlet/ServletResponse;Ljavax/servlet/FilterChain;)V+111
J 10449 c1 org.apache.catalina.core.ApplicationFilterChain.internalDoFilter(Ljavax/servlet/ServletRequest;Ljavax/servlet/ServletResponse;)V (388 bytes) @ 0x0000023b88df4a04 [0x0000023b88df4580+0x0000000000000484]
J 10448 c1 org.apache.catalina.core.ApplicationFilterChain.doFilter(Ljavax/servlet/ServletRequest;Ljavax/servlet/ServletResponse;)V (105 bytes) @ 0x0000023b88df3054 [0x0000023b88df3020+0x0000000000000034]
j  org.springframework.web.filter.CharacterEncodingFilter.doFilterInternal(Ljavax/servlet/http/HttpServletRequest;Ljavax/servlet/http/HttpServletResponse;Ljavax/servlet/FilterChain;)V+53
j  org.springframework.web.filter.OncePerRequestFilter.doFilter(Ljavax/servlet/ServletRequest;Ljavax/servlet/ServletResponse;Ljavax/servlet/FilterChain;)V+111
J 10449 c1 org.apache.catalina.core.ApplicationFilterChain.internalDoFilter(Ljavax/servlet/ServletRequest;Ljavax/servlet/ServletResponse;)V (388 bytes) @ 0x0000023b88df4a04 [0x0000023b88df4580+0x0000000000000484]
J 10448 c1 org.apache.catalina.core.ApplicationFilterChain.doFilter(Ljavax/servlet/ServletRequest;Ljavax/servlet/ServletResponse;)V (105 bytes) @ 0x0000023b88df3054 [0x0000023b88df3020+0x0000000000000034]
j  org.apache.catalina.core.StandardWrapperValve.invoke(Lorg/apache/catalina/connector/Request;Lorg/apache/catalina/connector/Response;)V+688
j  org.apache.catalina.core.StandardContextValve.invoke(Lorg/apache/catalina/connector/Request;Lorg/apache/catalina/connector/Response;)V+166
j  org.apache.catalina.authenticator.AuthenticatorBase.invoke(Lorg/apache/catalina/connector/Request;Lorg/apache/catalina/connector/Response;)V+260
j  org.apache.catalina.core.StandardHostValve.invoke(Lorg/apache/catalina/connector/Request;Lorg/apache/catalina/connector/Response;)V+114
j  org.apache.catalina.valves.ErrorReportValve.invoke(Lorg/apache/catalina/connector/Request;Lorg/apache/catalina/connector/Response;)V+6
j  org.apache.catalina.core.StandardEngineValve.invoke(Lorg/apache/catalina/connector/Request;Lorg/apache/catalina/connector/Response;)V+45
j  org.apache.catalina.connector.CoyoteAdapter.service(Lorg/apache/coyote/Request;Lorg/apache/coyote/Response;)V+199
j  org.apache.coyote.http11.Http11Processor.service(Lorg/apache/tomcat/util/net/SocketWrapperBase;)Lorg/apache/tomcat/util/net/AbstractEndpoint$Handler$SocketState;+791
j  org.apache.coyote.AbstractProcessorLight.process(Lorg/apache/tomcat/util/net/SocketWrapperBase;Lorg/apache/tomcat/util/net/SocketEvent;)Lorg/apache/tomcat/util/net/AbstractEndpoint$Handler$SocketState;+113
j  org.apache.coyote.AbstractProtocol$ConnectionHandler.process(Lorg/apache/tomcat/util/net/SocketWrapperBase;Lorg/apache/tomcat/util/net/SocketEvent;)Lorg/apache/tomcat/util/net/AbstractEndpoint$Handler$SocketState;+414
j  org.apache.tomcat.util.net.NioEndpoint$SocketProcessor.doRun()V+191
j  org.apache.tomcat.util.net.SocketProcessorBase.run()V+21
j  java.util.concurrent.ThreadPoolExecutor.runWorker(Ljava/util/concurrent/ThreadPoolExecutor$Worker;)V+92 java.base@17.0.4
j  java.util.concurrent.ThreadPoolExecutor$Worker.run()V+5 java.base@17.0.4
j  org.apache.tomcat.util.threads.TaskThread$WrappingRunnable.run()V+4
j  java.lang.Thread.run()V+11 java.base@17.0.4
v  ~StubRoutines::call_stub

siginfo: EXCEPTION_ACCESS_VIOLATION (0xc0000005), writing address 0x000000000000000a


Register to memory mapping:

RIP=0x00007ff834fb1955 e_pdf_convert_x64.dll
RAX=0x0000000000000002 is an unknown value
RBX=0x0000000000000001 is an unknown value
RCX=0x0000000000000065 is an unknown value
RDX=0x000000000000002e is an unknown value
RSP=0x000000de02cfa710 is pointing into the stack for thread: 0x0000023ba80b5080
RBP=0x0000023ba44bd370 points into unknown readable memory: 0x0077005c003a0043 | 43 00 3a 00 5c 00 77 00
RSI=0x0 is NULL
RDI=0x0000023ba44b3f90 points into unknown readable memory: 0x0000023ba44b0000 | 00 00 4b a4 3b 02 00 00
R8 =0x0 is NULL
R9 =0x000000de02cfa7b0 is pointing into the stack for thread: 0x0000023ba80b5080
R10=0x0 is NULL
R11=0x0000000000000246 is an unknown value
R12=0x000000de02cfabf8 is pointing into the stack for thread: 0x0000023ba80b5080
R13=0x0000023ba9b4b028 is pointing into metadata
R14=0x000000de02cfac08 is pointing into the stack for thread: 0x0000023ba80b5080
R15=0x0000023ba80b5080 is a thread


Registers:
RAX=0x0000000000000002, RBX=0x0000000000000001, RCX=0x0000000000000065, RDX=0x000000000000002e
RSP=0x000000de02cfa710, RBP=0x0000023ba44bd370, RSI=0x0000000000000000, RDI=0x0000023ba44b3f90
R8 =0x0000000000000000, R9 =0x000000de02cfa7b0, R10=0x0000000000000000, R11=0x0000000000000246
R12=0x000000de02cfabf8, R13=0x0000023ba9b4b028, R14=0x000000de02cfac08, R15=0x0000023ba80b5080
RIP=0x00007ff834fb1955, EFLAGS=0x0000000000010202

Top of Stack: (sp=0x000000de02cfa710)
0x000000de02cfa710:   0000000000000001 0000023ba44bd370
0x000000de02cfa720:   0000000000000000 0000000000000ea4
0x000000de02cfa730:   0000023ba44bd6d8 0000023ba44bda48
0x000000de02cfa740:   0000054000000070 0000000000000000
0x000000de02cfa750:   0000000000000000 00007ff834fba950
0x000000de02cfa760:   0000023ba44bda48 0000000000000000
0x000000de02cfa770:   0000000000000000 000000000000002a
0x000000de02cfa780:   0000000000000000 0000000000000000
0x000000de02cfa790:   0000000000000000 0000000000000000
0x000000de02cfa7a0:   0000000000000000 0000000000000ea4
0x000000de02cfa7b0:   0000000000000000 0000000000000000
0x000000de02cfa7c0:   0000000000000000 0000000000000000
0x000000de02cfa7d0:   0000000000000000 0000000000000000
0x000000de02cfa7e0:   0000000000000000 0000000000000000
0x000000de02cfa7f0:   0000000000000000 0000000000000000
0x000000de02cfa800:   0000000000000000 0000000000000000 

Instructions: (pc=0x00007ff834fb1955)
0x00007ff834fb1855:   24 28 ff 15 93 4b 00 00 33 f6 48 8d 4c 24 34 44
0x00007ff834fb1865:   8d 46 6c 33 d2 89 74 24 30 e8 4d 35 00 00 8d 56
0x00007ff834fb1875:   7c 44 8d 46 20 48 8d 4c 24 20 ff 15 4b 4b 00 00
0x00007ff834fb1885:   4c 8b 44 24 20 48 8d 05 bf 90 00 00 48 8d 15 a8
0x00007ff834fb1895:   52 00 00 48 8d 4c 24 28 4c 8b cf 48 89 44 24 48
0x00007ff834fb18a5:   c7 44 24 30 70 00 00 00 c7 44 24 34 40 05 00 00
0x00007ff834fb18b5:   48 89 74 24 40 89 74 24 60 ff 15 14 4b 00 00 4c
0x00007ff834fb18c5:   8b 5c 24 28 48 8d 4c 24 30 4c 89 5c 24 50 ff 15
0x00007ff834fb18d5:   17 49 00 00 48 8b 8c 24 98 00 00 00 83 ca ff 8b
0x00007ff834fb18e5:   d8 ff 15 cc 47 00 00 85 db 75 14 ff 15 b2 47 00
0x00007ff834fb18f5:   00 48 8d 0d 93 52 00 00 8b d0 e8 1c 0c 00 00 48
0x00007ff834fb1905:   8d 8c 24 a2 00 00 00 33 d2 41 b8 06 02 00 00 66
0x00007ff834fb1915:   89 b4 24 a0 00 00 00 e8 9f 34 00 00 48 8d 8c 24
0x00007ff834fb1925:   a0 00 00 00 4c 8b c7 ba 04 01 00 00 ff 15 89 48
0x00007ff834fb1935:   00 00 48 8d 8c 24 a0 00 00 00 ba 2e 00 00 00 ff
0x00007ff834fb1945:   15 6e 48 00 00 48 83 c0 02 74 27 b9 65 00 00 00
0x00007ff834fb1955:   66 89 70 08 66 89 08 b9 73 00 00 00 66 89 48 02
0x00007ff834fb1965:   b9 6f 00 00 00 66 89 48 04 b9 62 00 00 00 66 89
0x00007ff834fb1975:   48 06 48 8d 94 24 a0 00 00 00 48 8b cf ff 15 10
0x00007ff834fb1985:   47 00 00 48 8d 4c 24 28 ff 15 4d 4a 00 00 48 8d
0x00007ff834fb1995:   4c 24 20 ff 15 42 4a 00 00 48 8b b4 24 e0 02 00
0x00007ff834fb19a5:   00 b8 01 00 00 00 eb 03 83 c8 ff 48 8b 8c 24 b0
0x00007ff834fb19b5:   02 00 00 48 33 cc e8 40 28 00 00 48 8b 9c 24 e8
0x00007ff834fb19c5:   02 00 00 48 81 c4 c0 02 00 00 5f c3 cc cc cc cc
0x00007ff834fb19d5:   cc cc cc cc cc cc cc cc cc cc cc 40 53 56 57 41
0x00007ff834fb19e5:   54 48 81 ec 48 01 00 00 48 8b 05 dc 86 00 00 48
0x00007ff834fb19f5:   33 c4 48 89 84 24 30 01 00 00 48 8b d9 49 8b f0
0x00007ff834fb1a05:   48 8d 4c 24 21 33 d2 41 b8 03 01 00 00 4d 8b e1
0x00007ff834fb1a15:   c6 44 24 20 00 e8 a1 33 00 00 48 8d 0d ba 51 00
0x00007ff834fb1a25:   00 e8 f5 0a 00 00 48 85 f6 0f 84 20 01 00 00 4d
0x00007ff834fb1a35:   85 e4 0f 84 17 01 00 00 b9 20 cb 00 00 e8 ef 22
0x00007ff834fb1a45:   00 00 33 d2 41 b8 20 cb 00 00 48 8b c8 48 8b f8 


Stack slot to memory mapping:
stack at sp + 0 slots: 0x0000000000000001 is an unknown value
stack at sp + 1 slots: 0x0000023ba44bd370 points into unknown readable memory: 0x0077005c003a0043 | 43 00 3a 00 5c 00 77 00
stack at sp + 2 slots: 0x0 is NULL
stack at sp + 3 slots: 0x0000000000000ea4 is an unknown value
stack at sp + 4 slots: 0x0000023ba44bd6d8 points into unknown readable memory: 0x0077005c003a0043 | 43 00 3a 00 5c 00 77 00
stack at sp + 5 slots: 0x0000023ba44bda48 points into unknown readable memory: 0x004300200066002d | 2d 00 66 00 20 00 43 00
stack at sp + 6 slots: 0x0000054000000070 is an unknown value
stack at sp + 7 slots: 0x0 is NULL


---------------  P R O C E S S  ---------------

Threads class SMR info:
_java_thread_list=0x0000023ba3bf7c20, length=48, elements={
0x0000023ba128b050, 0x0000023ba128da90, 0x0000023ba12e2890, 0x0000023ba12e3150,
0x0000023ba12e4a20, 0x0000023ba12e52e0, 0x0000023ba12e6990, 0x0000023ba1338590,
0x0000023ba1471ff0, 0x0000023ba1521490, 0x0000023ba2680a00, 0x0000023ba27fe0a0,
0x0000023ba27fe6f0, 0x0000023ba39a52f0, 0x0000023ba362b1b0, 0x0000023ba362b680,
0x0000023ba362dd00, 0x0000023ba362c020, 0x0000023ba362c4f0, 0x0000023ba362c9c0,
0x0000023ba362eb70, 0x0000023ba362d830, 0x0000023ba362ce90, 0x0000023ba362e1d0,
0x0000023ba362d360, 0x0000023ba80b5a20, 0x0000023ba80b5ef0, 0x0000023ba80b80a0,
0x0000023ba80b33a0, 0x0000023ba80b7700, 0x0000023ba80b5080, 0x0000023ba80b6890,
0x0000023ba80b4bb0, 0x0000023ba80b4210, 0x0000023ba80b46e0, 0x0000023ba80b2530,
0x0000023ba80b7230, 0x0000023ba80b5550, 0x0000023ba80b6d60, 0x0000023ba80b93e0,
0x0000023ba80b63c0, 0x0000023ba80b3870, 0x0000023ba80b2ed0, 0x0000023ba80b2060,
0x0000023ba80b8f10, 0x0000023b9e1b8a20, 0x0000023ba3e67fb0, 0x0000023ba8240410
}

Java Threads: ( => current thread )
  0x0000023ba128b050 JavaThread "Reference Handler" daemon [_thread_blocked, id=8468, stack(0x000000de7f200000,0x000000de7f300000)]
  0x0000023ba128da90 JavaThread "Finalizer" daemon [_thread_blocked, id=10320, stack(0x000000de7f300000,0x000000de7f400000)]
  0x0000023ba12e2890 JavaThread "Signal Dispatcher" daemon [_thread_blocked, id=14584, stack(0x000000de7f400000,0x000000de7f500000)]
  0x0000023ba12e3150 JavaThread "Attach Listener" daemon [_thread_blocked, id=14816, stack(0x000000de7f500000,0x000000de7f600000)]
  0x0000023ba12e4a20 JavaThread "Service Thread" daemon [_thread_blocked, id=10640, stack(0x000000de7f600000,0x000000de7f700000)]
  0x0000023ba12e52e0 JavaThread "Monitor Deflation Thread" daemon [_thread_blocked, id=7080, stack(0x000000de7f700000,0x000000de7f800000)]
  0x0000023ba12e6990 JavaThread "C1 CompilerThread0" daemon [_thread_blocked, id=11732, stack(0x000000de7f800000,0x000000de7f900000)]
  0x0000023ba1338590 JavaThread "Sweeper thread" daemon [_thread_blocked, id=14228, stack(0x000000de7f900000,0x000000de7fa00000)]
  0x0000023ba1471ff0 JavaThread "Common-Cleaner" daemon [_thread_blocked, id=6732, stack(0x000000de7fa00000,0x000000de7fb00000)]
  0x0000023ba1521490 JavaThread "Notification Thread" daemon [_thread_blocked, id=14464, stack(0x000000de7fd00000,0x000000de7fe00000)]
  0x0000023ba2680a00 JavaThread "RMI TCP Accept-0" daemon [_thread_in_native, id=9360, stack(0x000000de00000000,0x000000de00100000)]
  0x0000023ba27fe0a0 JavaThread "RMI TCP Accept-57284" daemon [_thread_in_native, id=5340, stack(0x000000de00100000,0x000000de00200000)]
  0x0000023ba27fe6f0 JavaThread "RMI TCP Accept-0" daemon [_thread_in_native, id=12912, stack(0x000000de00200000,0x000000de00300000)]
  0x0000023ba39a52f0 JavaThread "logback-1" daemon [_thread_blocked, id=12956, stack(0x000000de01400000,0x000000de01500000)]
  0x0000023ba362b1b0 JavaThread "RMI TCP Connection(1)-127.0.0.1" daemon [_thread_in_native, id=15284, stack(0x000000de01800000,0x000000de01900000)]
  0x0000023ba362b680 JavaThread "RMI Scheduler(0)" daemon [_thread_blocked, id=2528, stack(0x000000de01900000,0x000000de01a00000)]
  0x0000023ba362dd00 JavaThread "RMI TCP Connection(2)-127.0.0.1" daemon [_thread_in_native, id=14400, stack(0x000000de01a00000,0x000000de01b00000)]
  0x0000023ba362c020 JavaThread "JMX server connection timeout 35" daemon [_thread_blocked, id=3332, stack(0x000000de01b00000,0x000000de01c00000)]
  0x0000023ba362c4f0 JavaThread "Catalina-utility-1" [_thread_blocked, id=11120, stack(0x000000de01300000,0x000000de01400000)]
  0x0000023ba362c9c0 JavaThread "Catalina-utility-2" [_thread_blocked, id=12992, stack(0x000000de01f00000,0x000000de02000000)]
  0x0000023ba362eb70 JavaThread "container-0" [_thread_blocked, id=2492, stack(0x000000de02000000,0x000000de02100000)]
  0x0000023ba362d830 JavaThread "HikariPool-1 housekeeper" daemon [_thread_blocked, id=14040, stack(0x000000de02200000,0x000000de02300000)]
  0x0000023ba362ce90 JavaThread "File Watcher" daemon [_thread_blocked, id=2024, stack(0x000000de02400000,0x000000de02500000)]
  0x0000023ba362e1d0 JavaThread "Live Reload Server" daemon [_thread_in_native, id=11028, stack(0x000000de02600000,0x000000de02700000)]
  0x0000023ba362d360 JavaThread "scheduling-1" [_thread_blocked, id=1604, stack(0x000000de02500000,0x000000de02600000)]
  0x0000023ba80b5a20 JavaThread "NioBlockingSelector.BlockPoller-1" daemon [_thread_in_native, id=8628, stack(0x000000de02700000,0x000000de02800000)]
  0x0000023ba80b5ef0 JavaThread "http-nio-7440-exec-1" daemon [_thread_blocked, id=14112, stack(0x000000de02800000,0x000000de02900000)]
  0x0000023ba80b80a0 JavaThread "http-nio-7440-exec-2" daemon [_thread_blocked, id=12168, stack(0x000000de02900000,0x000000de02a00000)]
  0x0000023ba80b33a0 JavaThread "http-nio-7440-exec-3" daemon [_thread_blocked, id=14636, stack(0x000000de02a00000,0x000000de02b00000)]
  0x0000023ba80b7700 JavaThread "http-nio-7440-exec-4" daemon [_thread_blocked, id=5648, stack(0x000000de02b00000,0x000000de02c00000)]
=>0x0000023ba80b5080 JavaThread "http-nio-7440-exec-5" daemon [_thread_in_native, id=1776, stack(0x000000de02c00000,0x000000de02d00000)]
  0x0000023ba80b6890 JavaThread "http-nio-7440-exec-6" daemon [_thread_blocked, id=13364, stack(0x000000de02d00000,0x000000de02e00000)]
  0x0000023ba80b4bb0 JavaThread "http-nio-7440-exec-7" daemon [_thread_blocked, id=7632, stack(0x000000de02e00000,0x000000de02f00000)]
  0x0000023ba80b4210 JavaThread "http-nio-7440-exec-8" daemon [_thread_blocked, id=14708, stack(0x000000de02f00000,0x000000de03000000)]
  0x0000023ba80b46e0 JavaThread "http-nio-7440-exec-9" daemon [_thread_blocked, id=15216, stack(0x000000de03000000,0x000000de03100000)]
  0x0000023ba80b2530 JavaThread "http-nio-7440-exec-10" daemon [_thread_blocked, id=5620, stack(0x000000de03100000,0x000000de03200000)]
  0x0000023ba80b7230 JavaThread "http-nio-7440-ClientPoller-0" daemon [_thread_in_native, id=3408, stack(0x000000de03200000,0x000000de03300000)]
  0x0000023ba80b5550 JavaThread "http-nio-7440-ClientPoller-1" daemon [_thread_in_native, id=14144, stack(0x000000de03300000,0x000000de03400000)]
  0x0000023ba80b6d60 JavaThread "http-nio-7440-Acceptor-0" daemon [_thread_in_native, id=13444, stack(0x000000de03400000,0x000000de03500000)]
  0x0000023ba80b93e0 JavaThread "DestroyJavaVM" [_thread_blocked, id=11068, stack(0x000000de7eb00000,0x000000de7ec00000)]
  0x0000023ba80b63c0 JavaThread "RMI TCP Connection(3)-127.0.0.1" daemon [_thread_in_native, id=4076, stack(0x000000de01100000,0x000000de01200000)]
  0x0000023ba80b3870 JavaThread "RMI TCP Connection(4)-127.0.0.1" daemon [_thread_in_native, id=7180, stack(0x000000de03500000,0x000000de03600000)]
  0x0000023ba80b2ed0 JavaThread "RMI TCP Connection(5)-127.0.0.1" daemon [_thread_in_native, id=9756, stack(0x000000de03600000,0x000000de03700000)]
  0x0000023ba80b2060 JavaThread "RMI TCP Connection(6)-127.0.0.1" daemon [_thread_in_native, id=14612, stack(0x000000de03700000,0x000000de03800000)]
  0x0000023ba80b8f10 JavaThread "RMI TCP Connection(7)-127.0.0.1" daemon [_thread_in_native, id=14860, stack(0x000000de01200000,0x000000de01300000)]
  0x0000023b9e1b8a20 JavaThread "C1 CompilerThread1" daemon [_thread_blocked, id=12012, stack(0x000000de00400000,0x000000de00500000)]
  0x0000023ba3e67fb0 JavaThread "C1 CompilerThread2" daemon [_thread_blocked, id=12412, stack(0x000000de00500000,0x000000de00600000)]
  0x0000023ba8240410 JavaThread "C1 CompilerThread3" daemon [_thread_blocked, id=3944, stack(0x000000de02300000,0x000000de02400000)]

Other Threads:
  0x0000023b9e1fe020 VMThread "VM Thread" [stack: 0x000000de7f100000,0x000000de7f200000] [id=11716]
  0x0000023ba262c3f0 WatcherThread [stack: 0x000000de00300000,0x000000de00400000] [id=14152]
  0x0000023b84251de0 GCTaskThread "GC Thread#0" [stack: 0x000000de7ec00000,0x000000de7ed00000] [id=7020]
  0x0000023ba35186b0 GCTaskThread "GC Thread#1" [stack: 0x000000de00600000,0x000000de00700000] [id=14712]
  0x0000023ba353ce60 GCTaskThread "GC Thread#2" [stack: 0x000000de00700000,0x000000de00800000] [id=3456]
  0x0000023ba353d110 GCTaskThread "GC Thread#3" [stack: 0x000000de00800000,0x000000de00900000] [id=12924]
  0x0000023ba353d3c0 GCTaskThread "GC Thread#4" [stack: 0x000000de00900000,0x000000de00a00000] [id=7888]
  0x0000023ba356f040 GCTaskThread "GC Thread#5" [stack: 0x000000de00a00000,0x000000de00b00000] [id=14032]
  0x0000023ba356f740 GCTaskThread "GC Thread#6" [stack: 0x000000de00b00000,0x000000de00c00000] [id=13712]
  0x0000023ba35704b0 GCTaskThread "GC Thread#7" [stack: 0x000000de00c00000,0x000000de00d00000] [id=6668]
  0x0000023ba3570cc0 GCTaskThread "GC Thread#8" [stack: 0x000000de00d00000,0x000000de00e00000] [id=9304]
  0x0000023ba356f9f0 GCTaskThread "GC Thread#9" [stack: 0x000000de00e00000,0x000000de00f00000] [id=220]
  0x0000023ba3570760 GCTaskThread "GC Thread#10" [stack: 0x000000de00f00000,0x000000de01000000] [id=7728]
  0x0000023ba3570a10 GCTaskThread "GC Thread#11" [stack: 0x000000de01000000,0x000000de01100000] [id=9464]
  0x0000023ba3570200 GCTaskThread "GC Thread#12" [stack: 0x000000de01c00000,0x000000de01d00000] [id=9076]
  0x0000023ba3cf1f20 GCTaskThread "GC Thread#13" [stack: 0x000000de01d00000,0x000000de01e00000] [id=15088]
  0x0000023ba3cf1c70 GCTaskThread "GC Thread#14" [stack: 0x000000de01e00000,0x000000de01f00000] [id=13876]
  0x0000023b8425f270 ConcurrentGCThread "G1 Main Marker" [stack: 0x000000de7ed00000,0x000000de7ee00000] [id=6276]
  0x0000023b8425fb90 ConcurrentGCThread "G1 Conc#0" [stack: 0x000000de7ee00000,0x000000de7ef00000] [id=7268]
  0x0000023ba3571220 ConcurrentGCThread "G1 Conc#1" [stack: 0x000000de01500000,0x000000de01600000] [id=14440]
  0x0000023ba356ff50 ConcurrentGCThread "G1 Conc#2" [stack: 0x000000de01600000,0x000000de01700000] [id=6432]
  0x0000023ba356fca0 ConcurrentGCThread "G1 Conc#3" [stack: 0x000000de01700000,0x000000de01800000] [id=5496]
  0x0000023b9e0fe6c0 ConcurrentGCThread "G1 Refine#0" [stack: 0x000000de7ef00000,0x000000de7f000000] [id=13276]
  0x0000023b9e0feff0 ConcurrentGCThread "G1 Service" [stack: 0x000000de7f000000,0x000000de7f100000] [id=12620]

Threads with active compile tasks:

VM state: not at safepoint (normal execution)

VM Mutex/Monitor currently owned by a thread: None

Heap address: 0x0000000603800000, size: 8136 MB, Compressed Oops mode: Zero based, Oop shift amount: 3

CDS archive(s) not mapped
Compressed class space mapped at: 0x0000000800000000-0x0000000840000000, reserved size: 1073741824
Narrow klass base: 0x0000000800000000, Narrow klass shift: 0, Narrow klass range: 0x40000000

GC Precious Log:
 CPUs: 20 total, 20 available
 Memory: 32541M
 Large Page Support: Disabled
 NUMA Support: Disabled
 Compressed Oops: Enabled (Zero based)
 Heap Region Size: 4M
 Heap Min Capacity: 8M
 Heap Initial Capacity: 512M
 Heap Max Capacity: 8136M
 Pre-touch: Disabled
 Parallel Workers: 15
 Concurrent Workers: 4
 Concurrent Refinement Workers: 15
 Periodic GC: Disabled

Heap:
 garbage-first heap   total 204800K, used 72661K [0x0000000603800000, 0x0000000800000000)
  region size 4096K, 7 young (28672K), 2 survivors (8192K)
 Metaspace       used 77651K, committed 78336K, reserved 1122304K
  class space    used 9164K, committed 9536K, reserved 1048576K

Heap Regions: E=young(eden), S=young(survivor), O=old, HS=humongous(starts), HC=humongous(continues), CS=collection set, F=free, OA=open archive, CA=closed archive, TAMS=top-at-mark-start (previous, next)
|   0|0x0000000603800000, 0x0000000603c00000, 0x0000000603c00000|100%| O|  |TAMS 0x0000000603c00000, 0x0000000603800000| Untracked 
|   1|0x0000000603c00000, 0x0000000604000000, 0x0000000604000000|100%| O|  |TAMS 0x0000000604000000, 0x0000000603c00000| Untracked 
|   2|0x0000000604000000, 0x0000000604400000, 0x0000000604400000|100%| O|  |TAMS 0x0000000604000000, 0x0000000604000000| Untracked 
|   3|0x0000000604400000, 0x0000000604800000, 0x0000000604800000|100%| O|  |TAMS 0x0000000604400000, 0x0000000604400000| Untracked 
|   4|0x0000000604800000, 0x0000000604c00000, 0x0000000604c00000|100%| O|  |TAMS 0x0000000604800000, 0x0000000604800000| Untracked 
|   5|0x0000000604c00000, 0x0000000605000000, 0x0000000605000000|100%| O|  |TAMS 0x0000000604c00000, 0x0000000604c00000| Untracked 
|   6|0x0000000605000000, 0x0000000605400000, 0x0000000605400000|100%| O|  |TAMS 0x0000000605000000, 0x0000000605000000| Untracked 
|   7|0x0000000605400000, 0x0000000605800000, 0x0000000605800000|100%| O|  |TAMS 0x0000000605800000, 0x0000000605400000| Untracked 
|   8|0x0000000605800000, 0x0000000605c00000, 0x0000000605c00000|100%| O|  |TAMS 0x0000000605c00000, 0x0000000605800000| Untracked 
|   9|0x0000000605c00000, 0x0000000606000000, 0x0000000606000000|100%| O|  |TAMS 0x0000000606000000, 0x0000000605c00000| Untracked 
|  10|0x0000000606000000, 0x0000000606400000, 0x0000000606400000|100%| O|  |TAMS 0x0000000606400000, 0x0000000606000000| Untracked 
|  11|0x0000000606400000, 0x0000000606800000, 0x0000000606800000|100%| O|  |TAMS 0x0000000606400000, 0x0000000606400000| Untracked 
|  12|0x0000000606800000, 0x0000000606959800, 0x0000000606c00000| 33%| O|  |TAMS 0x0000000606800000, 0x0000000606800000| Untracked 
|  13|0x0000000606c00000, 0x0000000606c00000, 0x0000000607000000|  0%| F|  |TAMS 0x0000000606c00000, 0x0000000606c00000| Untracked 
|  14|0x0000000607000000, 0x0000000607000000, 0x0000000607400000|  0%| F|  |TAMS 0x0000000607000000, 0x0000000607000000| Untracked 
|  15|0x0000000607400000, 0x0000000607400000, 0x0000000607800000|  0%| F|  |TAMS 0x0000000607400000, 0x0000000607400000| Untracked 
|  16|0x0000000607800000, 0x0000000607800000, 0x0000000607c00000|  0%| F|  |TAMS 0x0000000607800000, 0x0000000607800000| Untracked 
|  17|0x0000000607c00000, 0x0000000607c00000, 0x0000000608000000|  0%| F|  |TAMS 0x0000000607c00000, 0x0000000607c00000| Untracked 
|  18|0x0000000608000000, 0x0000000608000000, 0x0000000608400000|  0%| F|  |TAMS 0x0000000608000000, 0x0000000608000000| Untracked 
|  19|0x0000000608400000, 0x0000000608400000, 0x0000000608800000|  0%| F|  |TAMS 0x0000000608400000, 0x0000000608400000| Untracked 
|  20|0x0000000608800000, 0x000000060899bc18, 0x0000000608c00000| 40%| S|CS|TAMS 0x0000000608800000, 0x0000000608800000| Complete 
|  21|0x0000000608c00000, 0x0000000609000000, 0x0000000609000000|100%| S|CS|TAMS 0x0000000608c00000, 0x0000000608c00000| Complete 
|  22|0x0000000609000000, 0x0000000609000000, 0x0000000609400000|  0%| F|  |TAMS 0x0000000609000000, 0x0000000609000000| Untracked 
|  23|0x0000000609400000, 0x0000000609400000, 0x0000000609800000|  0%| F|  |TAMS 0x0000000609400000, 0x0000000609400000| Untracked 
|  24|0x0000000609800000, 0x0000000609800000, 0x0000000609c00000|  0%| F|  |TAMS 0x0000000609800000, 0x0000000609800000| Untracked 
|  25|0x0000000609c00000, 0x0000000609c00000, 0x000000060a000000|  0%| F|  |TAMS 0x0000000609c00000, 0x0000000609c00000| Untracked 
|  26|0x000000060a000000, 0x000000060a000000, 0x000000060a400000|  0%| F|  |TAMS 0x000000060a000000, 0x000000060a000000| Untracked 
|  27|0x000000060a400000, 0x000000060a400000, 0x000000060a800000|  0%| F|  |TAMS 0x000000060a400000, 0x000000060a400000| Untracked 
|  28|0x000000060a800000, 0x000000060a800000, 0x000000060ac00000|  0%| F|  |TAMS 0x000000060a800000, 0x000000060a800000| Untracked 
|  29|0x000000060ac00000, 0x000000060ac00000, 0x000000060b000000|  0%| F|  |TAMS 0x000000060ac00000, 0x000000060ac00000| Untracked 
|  30|0x000000060b000000, 0x000000060b000000, 0x000000060b400000|  0%| F|  |TAMS 0x000000060b000000, 0x000000060b000000| Untracked 
|  31|0x000000060b400000, 0x000000060b400000, 0x000000060b800000|  0%| F|  |TAMS 0x000000060b400000, 0x000000060b400000| Untracked 
|  32|0x000000060b800000, 0x000000060b800000, 0x000000060bc00000|  0%| F|  |TAMS 0x000000060b800000, 0x000000060b800000| Untracked 
|  33|0x000000060bc00000, 0x000000060bc00000, 0x000000060c000000|  0%| F|  |TAMS 0x000000060bc00000, 0x000000060bc00000| Untracked 
|  34|0x000000060c000000, 0x000000060c000000, 0x000000060c400000|  0%| F|  |TAMS 0x000000060c000000, 0x000000060c000000| Untracked 
|  35|0x000000060c400000, 0x000000060c400000, 0x000000060c800000|  0%| F|  |TAMS 0x000000060c400000, 0x000000060c400000| Untracked 
|  36|0x000000060c800000, 0x000000060c800000, 0x000000060cc00000|  0%| F|  |TAMS 0x000000060c800000, 0x000000060c800000| Untracked 
|  37|0x000000060cc00000, 0x000000060cc00000, 0x000000060d000000|  0%| F|  |TAMS 0x000000060cc00000, 0x000000060cc00000| Untracked 
|  38|0x000000060d000000, 0x000000060d000000, 0x000000060d400000|  0%| F|  |TAMS 0x000000060d000000, 0x000000060d000000| Untracked 
|  39|0x000000060d400000, 0x000000060d400000, 0x000000060d800000|  0%| F|  |TAMS 0x000000060d400000, 0x000000060d400000| Untracked 
|  40|0x000000060d800000, 0x000000060d800000, 0x000000060dc00000|  0%| F|  |TAMS 0x000000060d800000, 0x000000060d800000| Untracked 
|  41|0x000000060dc00000, 0x000000060dc00000, 0x000000060e000000|  0%| F|  |TAMS 0x000000060dc00000, 0x000000060dc00000| Untracked 
|  42|0x000000060e000000, 0x000000060e000000, 0x000000060e400000|  0%| F|  |TAMS 0x000000060e000000, 0x000000060e000000| Untracked 
|  43|0x000000060e400000, 0x000000060e400000, 0x000000060e800000|  0%| F|  |TAMS 0x000000060e400000, 0x000000060e400000| Untracked 
|  44|0x000000060e800000, 0x000000060e800000, 0x000000060ec00000|  0%| F|  |TAMS 0x000000060e800000, 0x000000060e800000| Untracked 
|  45|0x000000060ec00000, 0x000000060ee16f40, 0x000000060f000000| 52%| E|  |TAMS 0x000000060ec00000, 0x000000060ec00000| Complete 
|  46|0x000000060f000000, 0x000000060f400000, 0x000000060f400000|100%| E|CS|TAMS 0x000000060f000000, 0x000000060f000000| Complete 
|  47|0x000000060f400000, 0x000000060f800000, 0x000000060f800000|100%| E|CS|TAMS 0x000000060f400000, 0x000000060f400000| Complete 
|  48|0x000000060f800000, 0x000000060fc00000, 0x000000060fc00000|100%| E|CS|TAMS 0x000000060f800000, 0x000000060f800000| Complete 
| 127|0x0000000623400000, 0x0000000623800000, 0x0000000623800000|100%| E|CS|TAMS 0x0000000623400000, 0x0000000623400000| Complete 

Card table byte_map: [0x0000023b8c0d0000,0x0000023b8d0c0000] _byte_map_base: 0x0000023b890b4000

Marking Bits (Prev, Next): (CMBitMap*) 0x0000023b84252340, (CMBitMap*) 0x0000023b84252300
 Prev Bits: [0x0000023b95fd0000, 0x0000023b9def0000)
 Next Bits: [0x0000023b8e0b0000, 0x0000023b95fd0000)

Polling page: 0x0000023b81d60000

Metaspace:

Usage:
  Non-class:     66.88 MB used.
      Class:      8.95 MB used.
       Both:     75.83 MB used.

Virtual space:
  Non-class space:       72.00 MB reserved,      67.19 MB ( 93%) committed,  9 nodes.
      Class space:        1.00 GB reserved,       9.31 MB ( <1%) committed,  1 nodes.
             Both:        1.07 GB reserved,      76.50 MB (  7%) committed. 

Chunk freelists:
   Non-Class:  718.00 KB
       Class:  2.66 MB
        Both:  3.36 MB

MaxMetaspaceSize: unlimited
CompressedClassSpaceSize: 1.00 GB
Initial GC threshold: 21.00 MB
Current GC threshold: 98.56 MB
CDS: off
MetaspaceReclaimPolicy: balanced
 - commit_granule_bytes: 65536.
 - commit_granule_words: 8192.
 - virtual_space_node_default_size: 1048576.
 - enlarge_chunks_in_place: 1.
 - new_chunks_are_fully_committed: 0.
 - uncommit_free_chunks: 1.
 - use_allocation_guard: 0.
 - handle_deallocations: 1.


Internal statistics:

num_allocs_failed_limit: 9.
num_arena_births: 1144.
num_arena_deaths: 0.
num_vsnodes_births: 10.
num_vsnodes_deaths: 0.
num_space_committed: 1224.
num_space_uncommitted: 0.
num_chunks_returned_to_freelist: 9.
num_chunks_taken_from_freelist: 4029.
num_chunk_merges: 6.
num_chunk_splits: 2554.
num_chunks_enlarged: 1588.
num_purges: 0.
num_inconsistent_stats: 0.

CodeCache: size=49152Kb used=22953Kb max_used=25068Kb free=26198Kb
 bounds [0x0000023b87860000, 0x0000023b890e0000, 0x0000023b8a860000]
 total_blobs=11407 nmethods=10766 adapters=564
 compilation: enabled
              stopped_count=0, restarted_count=0
 full_count=0

Compilation events (20 events):
Event: 21.689 Thread 0x0000023ba12e6990 10924       1       org.apache.ibatis.session.Configuration::getEnvironment (5 bytes)
Event: 21.689 Thread 0x0000023ba12e6990 nmethod 10924 0x0000023b89027490 code [0x0000023b89027620, 0x0000023b890276f8]
Event: 21.691 Thread 0x0000023ba12e6990 10925       1       org.springframework.web.context.request.AbstractRequestAttributes::isRequestActive (5 bytes)
Event: 21.691 Thread 0x0000023ba12e6990 nmethod 10925 0x0000023b89027190 code [0x0000023b89027320, 0x0000023b890273f8]
Event: 21.693 Thread 0x0000023ba12e6990 10926       1       java.lang.Object::toString (36 bytes)
Event: 21.693 Thread 0x0000023ba12e6990 nmethod 10926 0x0000023b89026990 code [0x0000023b89026ba0, 0x0000023b89026f88]
Event: 21.694 Thread 0x0000023ba12e6990 10927       1       org.apache.ibatis.cache.CacheKey::hashCode (5 bytes)
Event: 21.694 Thread 0x0000023ba12e6990 nmethod 10927 0x0000023b89026690 code [0x0000023b89026820, 0x0000023b890268f8]
Event: 21.697 Thread 0x0000023ba12e6990 10928       1       oracle.jdbc.driver.T4CConnection::sendPiggyBackedMessages (197 bytes)
Event: 21.697 Thread 0x0000023b9e1b8a20 10929       1       oracle.jdbc.driver.T4CConnection::sendPiggyBackedClose (55 bytes)
Event: 21.697 Thread 0x0000023ba12e6990 nmethod 10928 0x0000023b89025b90 code [0x0000023b89025dc0, 0x0000023b890262d8]
Event: 21.697 Thread 0x0000023b9e1b8a20 nmethod 10929 0x0000023b89024f90 code [0x0000023b890251c0, 0x0000023b89025738]
Event: 21.700 Thread 0x0000023ba8240410 10930       1       oracle.jdbc.driver.PhysicalConnection::getBufferCacheStore (68 bytes)
Event: 21.700 Thread 0x0000023ba12e6990 10931       1       oracle.jdbc.driver.BufferCache::bufferIndex (32 bytes)
Event: 21.700 Thread 0x0000023ba12e6990 nmethod 10931 0x0000023b89024c10 code [0x0000023b89024da0, 0x0000023b89024ed8]
Event: 21.700 Thread 0x0000023ba3e67fb0 10932       1       java.nio.ByteBuffer::clear (7 bytes)
Event: 21.700 Thread 0x0000023ba8240410 nmethod 10930 0x0000023b89024290 code [0x0000023b89024480, 0x0000023b89024a38]
Event: 21.700 Thread 0x0000023ba3e67fb0 nmethod 10932 0x0000023b89023f90 code [0x0000023b89024120, 0x0000023b890241f8]
Event: 21.700 Thread 0x0000023ba3e67fb0 10933       1       java.nio.Buffer::clear (20 bytes)
Event: 21.701 Thread 0x0000023ba3e67fb0 nmethod 10933 0x0000023b89023c90 code [0x0000023b89023e20, 0x0000023b89023ef8]

GC Heap History (20 events):
Event: 1.927 GC heap before
{Heap before GC invocations=12 (full 0):
 garbage-first heap   total 102400K, used 70594K [0x0000000603800000, 0x0000000800000000)
  region size 4096K, 11 young (45056K), 1 survivors (4096K)
 Metaspace       used 47487K, committed 47936K, reserved 1097728K
  class space    used 5997K, committed 6208K, reserved 1048576K
}
Event: 1.928 GC heap after
{Heap after GC invocations=13 (full 0):
 garbage-first heap   total 102400K, used 30079K [0x0000000603800000, 0x0000000800000000)
  region size 4096K, 1 young (4096K), 1 survivors (4096K)
 Metaspace       used 47487K, committed 47936K, reserved 1097728K
  class space    used 5997K, committed 6208K, reserved 1048576K
}
Event: 1.961 GC heap before
{Heap before GC invocations=13 (full 0):
 garbage-first heap   total 102400K, used 75135K [0x0000000603800000, 0x0000000800000000)
  region size 4096K, 12 young (49152K), 1 survivors (4096K)
 Metaspace       used 47548K, committed 47936K, reserved 1097728K
  class space    used 6006K, committed 6208K, reserved 1048576K
}
Event: 1.963 GC heap after
{Heap after GC invocations=14 (full 0):
 garbage-first heap   total 315392K, used 30349K [0x0000000603800000, 0x0000000800000000)
  region size 4096K, 1 young (4096K), 1 survivors (4096K)
 Metaspace       used 47548K, committed 47936K, reserved 1097728K
  class space    used 6006K, committed 6208K, reserved 1048576K
}
Event: 2.097 GC heap before
{Heap before GC invocations=14 (full 0):
 garbage-first heap   total 315392K, used 214669K [0x0000000603800000, 0x0000000800000000)
  region size 4096K, 46 young (188416K), 1 survivors (4096K)
 Metaspace       used 48207K, committed 48640K, reserved 1097728K
  class space    used 6066K, committed 6272K, reserved 1048576K
}
Event: 2.100 GC heap after
{Heap after GC invocations=15 (full 0):
 garbage-first heap   total 315392K, used 32120K [0x0000000603800000, 0x0000000800000000)
  region size 4096K, 2 young (8192K), 2 survivors (8192K)
 Metaspace       used 48207K, committed 48640K, reserved 1097728K
  class space    used 6066K, committed 6272K, reserved 1048576K
}
Event: 2.191 GC heap before
{Heap before GC invocations=15 (full 0):
 garbage-first heap   total 315392K, used 212344K [0x0000000603800000, 0x0000000800000000)
  region size 4096K, 46 young (188416K), 2 survivors (8192K)
 Metaspace       used 48842K, committed 49280K, reserved 1097728K
  class space    used 6123K, committed 6336K, reserved 1048576K
}
Event: 2.193 GC heap after
{Heap after GC invocations=16 (full 0):
 garbage-first heap   total 315392K, used 33589K [0x0000000603800000, 0x0000000800000000)
  region size 4096K, 2 young (8192K), 2 survivors (8192K)
 Metaspace       used 48842K, committed 49280K, reserved 1097728K
  class space    used 6123K, committed 6336K, reserved 1048576K
}
Event: 2.903 GC heap before
{Heap before GC invocations=16 (full 0):
 garbage-first heap   total 315392K, used 193333K [0x0000000603800000, 0x0000000800000000)
  region size 4096K, 43 young (176128K), 2 survivors (8192K)
 Metaspace       used 59873K, committed 60288K, reserved 1105920K
  class space    used 7086K, committed 7296K, reserved 1048576K
}
Event: 2.908 GC heap after
{Heap after GC invocations=17 (full 0):
 garbage-first heap   total 315392K, used 40058K [0x0000000603800000, 0x0000000800000000)
  region size 4096K, 4 young (16384K), 4 survivors (16384K)
 Metaspace       used 59873K, committed 60288K, reserved 1105920K
  class space    used 7086K, committed 7296K, reserved 1048576K
}
Event: 3.253 GC heap before
{Heap before GC invocations=18 (full 0):
 garbage-first heap   total 163840K, used 121978K [0x0000000603800000, 0x0000000800000000)
  region size 4096K, 24 young (98304K), 4 survivors (16384K)
 Metaspace       used 64040K, committed 64512K, reserved 1105920K
  class space    used 7722K, committed 7936K, reserved 1048576K
}
Event: 3.258 GC heap after
{Heap after GC invocations=19 (full 0):
 garbage-first heap   total 163840K, used 44993K [0x0000000603800000, 0x0000000800000000)
  region size 4096K, 2 young (8192K), 2 survivors (8192K)
 Metaspace       used 64040K, committed 64512K, reserved 1105920K
  class space    used 7722K, committed 7936K, reserved 1048576K
}
Event: 3.377 GC heap before
{Heap before GC invocations=19 (full 0):
 garbage-first heap   total 163840K, used 49089K [0x0000000603800000, 0x0000000800000000)
  region size 4096K, 3 young (12288K), 2 survivors (8192K)
 Metaspace       used 64142K, committed 64640K, reserved 1105920K
  class space    used 7738K, committed 8000K, reserved 1048576K
}
Event: 3.380 GC heap after
{Heap after GC invocations=20 (full 0):
 garbage-first heap   total 204800K, used 45732K [0x0000000603800000, 0x0000000800000000)
  region size 4096K, 1 young (4096K), 1 survivors (4096K)
 Metaspace       used 64142K, committed 64640K, reserved 1105920K
  class space    used 7738K, committed 8000K, reserved 1048576K
}
Event: 13.449 GC heap before
{Heap before GC invocations=20 (full 0):
 garbage-first heap   total 204800K, used 156324K [0x0000000603800000, 0x0000000800000000)
  region size 4096K, 29 young (118784K), 1 survivors (4096K)
 Metaspace       used 73720K, committed 74304K, reserved 1114112K
  class space    used 8706K, committed 9024K, reserved 1048576K
}
Event: 13.453 GC heap after
{Heap after GC invocations=21 (full 0):
 garbage-first heap   total 204800K, used 53701K [0x0000000603800000, 0x0000000800000000)
  region size 4096K, 3 young (12288K), 3 survivors (12288K)
 Metaspace       used 73720K, committed 74304K, reserved 1114112K
  class space    used 8706K, committed 9024K, reserved 1048576K
}
Event: 13.983 GC heap before
{Heap before GC invocations=21 (full 0):
 garbage-first heap   total 204800K, used 156101K [0x0000000603800000, 0x0000000800000000)
  region size 4096K, 29 young (118784K), 3 survivors (12288K)
 Metaspace       used 75372K, committed 76032K, reserved 1122304K
  class space    used 8888K, committed 9216K, reserved 1048576K
}
Event: 13.985 GC heap after
{Heap after GC invocations=22 (full 0):
 garbage-first heap   total 204800K, used 53185K [0x0000000603800000, 0x0000000800000000)
  region size 4096K, 1 young (4096K), 1 survivors (4096K)
 Metaspace       used 75372K, committed 76032K, reserved 1122304K
  class space    used 8888K, committed 9216K, reserved 1048576K
}
Event: 17.664 GC heap before
{Heap before GC invocations=22 (full 0):
 garbage-first heap   total 204800K, used 159681K [0x0000000603800000, 0x0000000800000000)
  region size 4096K, 28 young (114688K), 1 survivors (4096K)
 Metaspace       used 76985K, committed 77696K, reserved 1122304K
  class space    used 9072K, committed 9408K, reserved 1048576K
}
Event: 17.667 GC heap after
{Heap after GC invocations=23 (full 0):
 garbage-first heap   total 204800K, used 56277K [0x0000000603800000, 0x0000000800000000)
  region size 4096K, 2 young (8192K), 2 survivors (8192K)
 Metaspace       used 76985K, committed 77696K, reserved 1122304K
  class space    used 9072K, committed 9408K, reserved 1048576K
}

Deoptimization events (20 events):
Event: 7.656 Thread 0x0000023ba80b5ef0 DEOPT PACKING pc=0x0000023b87c8b1d3 sp=0x000000de028f95a0
Event: 7.656 Thread 0x0000023ba80b5ef0 DEOPT UNPACKING pc=0x0000023b878b2b43 sp=0x000000de028f8c80 mode 3
Event: 7.678 Thread 0x0000023ba80b5ef0 DEOPT PACKING pc=0x0000023b87c5f8f2 sp=0x000000de028f90a0
Event: 7.678 Thread 0x0000023ba80b5ef0 DEOPT UNPACKING pc=0x0000023b878b2b43 sp=0x000000de028f8570 mode 3
Event: 7.683 Thread 0x0000023ba80b5ef0 DEOPT PACKING pc=0x0000023b87c41255 sp=0x000000de028f9c60
Event: 7.683 Thread 0x0000023ba80b5ef0 DEOPT UNPACKING pc=0x0000023b878b2b43 sp=0x000000de028f9120 mode 3
Event: 13.703 Thread 0x0000023ba80b5080 DEOPT PACKING pc=0x0000023b88ac259f sp=0x000000de02cfb2a0
Event: 13.703 Thread 0x0000023ba80b5080 DEOPT UNPACKING pc=0x0000023b878b2b43 sp=0x000000de02cfa7a8 mode 3
Event: 13.721 Thread 0x0000023ba80b5080 DEOPT PACKING pc=0x0000023b88afc818 sp=0x000000de02cfaa40
Event: 13.721 Thread 0x0000023ba80b5080 DEOPT UNPACKING pc=0x0000023b878b2b43 sp=0x000000de02cf9f48 mode 3
Event: 13.724 Thread 0x0000023ba80b5080 DEOPT PACKING pc=0x0000023b88afffab sp=0x000000de02cf9fc0
Event: 13.724 Thread 0x0000023ba80b5080 DEOPT UNPACKING pc=0x0000023b878b2b43 sp=0x000000de02cf94b8 mode 3
Event: 13.938 Thread 0x0000023ba80b5080 DEOPT PACKING pc=0x0000023b88c7d9ea sp=0x000000de02cfa970
Event: 13.938 Thread 0x0000023ba80b5080 DEOPT UNPACKING pc=0x0000023b878b2b43 sp=0x000000de02cf9df0 mode 3
Event: 13.948 Thread 0x0000023ba80b5080 DEOPT PACKING pc=0x0000023b88c80b9e sp=0x000000de02cfa6a0
Event: 13.948 Thread 0x0000023ba80b5080 DEOPT UNPACKING pc=0x0000023b878b2b43 sp=0x000000de02cf9b48 mode 3
Event: 17.257 Thread 0x0000023ba80b80a0 DEOPT PACKING pc=0x0000023b88dc369b sp=0x000000de029fa7a0
Event: 17.257 Thread 0x0000023ba80b80a0 DEOPT UNPACKING pc=0x0000023b878b2b43 sp=0x000000de029f9cc8 mode 3
Event: 17.294 Thread 0x0000023ba80b33a0 DEOPT PACKING pc=0x0000023b88dcd153 sp=0x000000de02afa750
Event: 17.294 Thread 0x0000023ba80b33a0 DEOPT UNPACKING pc=0x0000023b878b2b43 sp=0x000000de02af9c60 mode 3

Classes unloaded (0 events):
No events

Classes redefined (0 events):
No events

Internal exceptions (20 events):
Event: 16.941 Thread 0x0000023ba80b5080 Exception <a 'java/lang/ClassNotFoundException'{0x000000060da0d828}: kr/esob/fdms/commonlogic/grid/GridInfoVOBeanInfo> (0x000000060da0d828) 
thrown [s\src\hotspot\share\classfile\systemDictionary.cpp, line 256]
Event: 16.942 Thread 0x0000023ba80b5080 Exception <a 'java/lang/ClassNotFoundException'{0x000000060da171b8}: kr/esob/fdms/commonlogic/grid/GridInfoVOCustomizer> (0x000000060da171b8) 
thrown [s\src\hotspot\share\classfile\systemDictionary.cpp, line 256]
Event: 16.966 Thread 0x0000023ba80b5080 Exception <a 'java/lang/ArrayIndexOutOfBoundsException'{0x000000060d478858}> (0x000000060d478858) 
thrown [s\src\hotspot\share\runtime\sharedRuntime.cpp, line 628]
Event: 17.004 Thread 0x0000023ba80b5080 Exception <a 'java/lang/ClassNotFoundException'{0x000000060cdf1e00}: org/apache/jsp/tag/web/listTemplate_tagBeanInfo> (0x000000060cdf1e00) 
thrown [s\src\hotspot\share\classfile\systemDictionary.cpp, line 256]
Event: 17.004 Thread 0x0000023ba80b5080 Exception <a 'java/lang/ClassNotFoundException'{0x000000060cdfab40}: javax/servlet/jsp/tagext/SimpleTagSupportBeanInfo> (0x000000060cdfab40) 
thrown [s\src\hotspot\share\classfile\systemDictionary.cpp, line 256]
Event: 17.004 Thread 0x0000023ba80b5080 Exception <a 'java/lang/ClassNotFoundException'{0x000000060ce03ce8}: javax/servlet/jsp/tagext/SimpleTagSupportCustomizer> (0x000000060ce03ce8) 
thrown [s\src\hotspot\share\classfile\systemDictionary.cpp, line 256]
Event: 17.005 Thread 0x0000023ba80b5080 Exception <a 'java/lang/ClassNotFoundException'{0x000000060ce14bf0}: org/apache/jsp/tag/web/listTemplate_tagCustomizer> (0x000000060ce14bf0) 
thrown [s\src\hotspot\share\classfile\systemDictionary.cpp, line 256]
Event: 17.011 Thread 0x0000023ba80b5080 Exception <a 'java/lang/ArrayIndexOutOfBoundsException'{0x000000060ce7bc38}> (0x000000060ce7bc38) 
thrown [s\src\hotspot\share\runtime\sharedRuntime.cpp, line 628]
Event: 17.064 Thread 0x0000023ba80b5080 Exception <a 'java/lang/ArrayIndexOutOfBoundsException'{0x000000060c1a8878}> (0x000000060c1a8878) 
thrown [s\src\hotspot\share\runtime\sharedRuntime.cpp, line 628]
Event: 17.231 Thread 0x0000023ba80b80a0 Exception <a 'java/lang/ClassNotFoundException'{0x000000060ac59828}: kr/esob/fdms/commonlogic/combo/ComboParamVOBeanInfo> (0x000000060ac59828) 
thrown [s\src\hotspot\share\classfile\systemDictionary.cpp, line 256]
Event: 17.231 Thread 0x0000023ba80b80a0 Exception <a 'java/lang/ClassNotFoundException'{0x000000060ac632a0}: kr/esob/fdms/commonlogic/combo/ComboParamVOCustomizer> (0x000000060ac632a0) 
thrown [s\src\hotspot\share\classfile\systemDictionary.cpp, line 256]
Event: 17.456 Thread 0x0000023ba80b5ef0 Exception <a 'java/lang/ClassNotFoundException'{0x000000060b3377b0}: kr/esob/fdms/commonlogic/combo/ComboInfoVOBeanInfo> (0x000000060b3377b0) 
thrown [s\src\hotspot\share\classfile\systemDictionary.cpp, line 256]
Event: 17.456 Thread 0x0000023ba80b5ef0 Exception <a 'java/lang/ClassNotFoundException'{0x000000060b341228}: kr/esob/fdms/commonlogic/combo/ComboInfoVOCustomizer> (0x000000060b341228) 
thrown [s\src\hotspot\share\classfile\systemDictionary.cpp, line 256]
Event: 17.510 Thread 0x0000023ba80b80a0 Exception <a 'java/lang/ClassNotFoundException'{0x000000060a902c10}: java/lang/ObjectCustomizer> (0x000000060a902c10) 
thrown [s\src\hotspot\share\classfile\systemDictionary.cpp, line 256]
Event: 17.510 Thread 0x0000023ba80b80a0 Exception <a 'java/lang/ClassNotFoundException'{0x000000060a90fc50}: kr/esob/fdms/commonlogic/abstractclass/CommonParamCustomizer> (0x000000060a90fc50) 
thrown [s\src\hotspot\share\classfile\systemDictionary.cpp, line 256]
Event: 17.511 Thread 0x0000023ba80b80a0 Exception <a 'java/lang/ClassNotFoundException'{0x000000060ab51f70}: kr/esob/fdms/controller/inside/distribution/history/HistoryListParamCustomizer> (0x000000060ab51f70) 
thrown [s\src\hotspot\share\classfile\systemDictionary.cpp, line 256]
Event: 17.522 Thread 0x0000023ba80b80a0 Exception <a 'java/lang/ClassNotFoundException'{0x000000060a5880d0}: kr/esob/fdms/controller/inside/distribution/history/HistoryListParamBeanInfo> (0x000000060a5880d0) 
thrown [s\src\hotspot\share\classfile\systemDictionary.cpp, line 256]
Event: 17.522 Thread 0x0000023ba80b80a0 Exception <a 'java/lang/ClassNotFoundException'{0x000000060a5927b8}: kr/esob/fdms/controller/inside/distribution/history/HistoryListParamCustomizer> (0x000000060a5927b8) 
thrown [s\src\hotspot\share\classfile\systemDictionary.cpp, line 256]
Event: 17.675 Thread 0x0000023ba80b80a0 Exception <a 'java/lang/ClassNotFoundException'{0x00000006236f1da8}: kr/esob/fdms/commonlogic/grid/GridResultVOBeanInfo> (0x00000006236f1da8) 
thrown [s\src\hotspot\share\classfile\systemDictionary.cpp, line 256]
Event: 17.676 Thread 0x0000023ba80b80a0 Exception <a 'java/lang/ClassNotFoundException'{0x00000006236fb2d0}: kr/esob/fdms/commonlogic/grid/GridResultVOCustomizer> (0x00000006236fb2d0) 
thrown [s\src\hotspot\share\classfile\systemDictionary.cpp, line 256]

VM Operations (20 events):
Event: 13.883 Executing VM operation: ICBufferFull
Event: 13.883 Executing VM operation: ICBufferFull done
Event: 13.983 Executing VM operation: G1CollectForAllocation
Event: 13.985 Executing VM operation: G1CollectForAllocation done
Event: 14.995 Executing VM operation: Cleanup
Event: 14.996 Executing VM operation: Cleanup done
Event: 16.949 Executing VM operation: HandshakeAllThreads
Event: 16.949 Executing VM operation: HandshakeAllThreads done
Event: 16.949 Executing VM operation: Cleanup
Event: 16.949 Executing VM operation: Cleanup done
Event: 17.048 Executing VM operation: HandshakeAllThreads
Event: 17.048 Executing VM operation: HandshakeAllThreads done
Event: 17.249 Executing VM operation: HandshakeAllThreads
Event: 17.249 Executing VM operation: HandshakeAllThreads done
Event: 17.664 Executing VM operation: G1CollectForAllocation
Event: 17.667 Executing VM operation: G1CollectForAllocation done
Event: 18.680 Executing VM operation: Cleanup
Event: 18.680 Executing VM operation: Cleanup done
Event: 21.714 Executing VM operation: Cleanup
Event: 21.714 Executing VM operation: Cleanup done

Events (20 events):
Event: 17.678 loading class java/lang/StrictMath done
Event: 17.679 loading class jdk/internal/ValueBased
Event: 17.679 loading class jdk/internal/ValueBased done
Event: 17.682 loading class java/text/ParsePosition
Event: 17.682 loading class java/text/ParsePosition done
Event: 17.682 loading class java/text/CalendarBuilder
Event: 17.682 loading class java/text/CalendarBuilder done
Event: 17.697 Thread 0x0000023ba8240410 Thread added: 0x0000023ba8240410
Event: 17.697 Thread 0x0000023ba8268410 Thread added: 0x0000023ba8268410
Event: 18.711 Thread 0x0000023ba8268410 Thread exited: 0x0000023ba8268410
Event: 18.711 Thread 0x0000023ba8240410 Thread exited: 0x0000023ba8240410
Event: 19.725 Thread 0x0000023ba825f4d0 Thread exited: 0x0000023ba825f4d0
Event: 19.725 Thread 0x0000023ba8267f00 Thread exited: 0x0000023ba8267f00
Event: 21.631 Thread 0x0000023ba844aa80 Thread exited: 0x0000023ba844aa80
Event: 21.653 Thread 0x0000023ba8240410 Thread added: 0x0000023ba8240410
Event: 21.689 Thread 0x0000023ba8499230 Thread added: 0x0000023ba8499230
Event: 21.689 Thread 0x0000023ba8499230 Thread exited: 0x0000023ba8499230
Event: 21.708 Loaded shared library C:\workspaceStartupHub\FMDS\src\main\resources\static\install\e_pdf\e_pdf_convert_x64.dll
Event: 21.708 loading class jdk/internal/loader/NativeLibraries$Unloader
Event: 21.709 loading class jdk/internal/loader/NativeLibraries$Unloader done


Dynamic libraries:
0x00007ff617a70000 - 0x00007ff617a7e000 	D:\sts-4.15.3.RELEASE\plugins\org.eclipse.justj.openjdk.hotspot.jre.full.win32.x86_64_17.0.4.v20220805-1047\jre\bin\javaw.exe
0x00007ff84d370000 - 0x00007ff84d568000 	C:\Windows\SYSTEM32\ntdll.dll
0x00007ff84c470000 - 0x00007ff84c52f000 	C:\Windows\System32\KERNEL32.DLL
0x00007ff84ad10000 - 0x00007ff84afe2000 	C:\Windows\System32\KERNELBASE.dll
0x00007ff84b230000 - 0x00007ff84b330000 	C:\Windows\System32\ucrtbase.dll
0x00007ff835500000 - 0x00007ff835518000 	D:\sts-4.15.3.RELEASE\plugins\org.eclipse.justj.openjdk.hotspot.jre.full.win32.x86_64_17.0.4.v20220805-1047\jre\bin\jli.dll
0x00007ff816cd0000 - 0x00007ff816ce9000 	D:\sts-4.15.3.RELEASE\plugins\org.eclipse.justj.openjdk.hotspot.jre.full.win32.x86_64_17.0.4.v20220805-1047\jre\bin\VCRUNTIME140.dll
0x00007ff84cb70000 - 0x00007ff84cd11000 	C:\Windows\System32\USER32.dll
0x00007ff8330c0000 - 0x00007ff83335a000 	C:\Windows\WinSxS\amd64_microsoft.windows.common-controls_6595b64144ccf1df_6.0.19041.1110_none_60b5254171f9507e\COMCTL32.dll
0x00007ff84aa70000 - 0x00007ff84aa92000 	C:\Windows\System32\win32u.dll
0x00007ff84c670000 - 0x00007ff84c70e000 	C:\Windows\System32\msvcrt.dll
0x00007ff84cb40000 - 0x00007ff84cb6b000 	C:\Windows\System32\GDI32.dll
0x00007ff84b120000 - 0x00007ff84b22f000 	C:\Windows\System32\gdi32full.dll
0x00007ff84ac70000 - 0x00007ff84ad0d000 	C:\Windows\System32\msvcp_win.dll
0x00007ff84c530000 - 0x00007ff84c560000 	C:\Windows\System32\IMM32.DLL
0x00007ff816cc0000 - 0x00007ff816ccc000 	D:\sts-4.15.3.RELEASE\plugins\org.eclipse.justj.openjdk.hotspot.jre.full.win32.x86_64_17.0.4.v20220805-1047\jre\bin\vcruntime140_1.dll
0x00007ff803710000 - 0x00007ff8037a1000 	D:\sts-4.15.3.RELEASE\plugins\org.eclipse.justj.openjdk.hotspot.jre.full.win32.x86_64_17.0.4.v20220805-1047\jre\bin\msvcp140.dll
0x00007ff802780000 - 0x00007ff8033c6000 	D:\sts-4.15.3.RELEASE\plugins\org.eclipse.justj.openjdk.hotspot.jre.full.win32.x86_64_17.0.4.v20220805-1047\jre\bin\server\jvm.dll
0x00007ff84d1e0000 - 0x00007ff84d28e000 	C:\Windows\System32\ADVAPI32.dll
0x00007ff84c2a0000 - 0x00007ff84c33c000 	C:\Windows\System32\sechost.dll
0x00007ff84b830000 - 0x00007ff84b954000 	C:\Windows\System32\RPCRT4.dll
0x00007ff84c8f0000 - 0x00007ff84c8f8000 	C:\Windows\System32\PSAPI.DLL
0x00007ff81c9c0000 - 0x00007ff81c9e7000 	C:\Windows\SYSTEM32\WINMM.dll
0x00007ff8430b0000 - 0x00007ff8430ba000 	C:\Windows\SYSTEM32\VERSION.dll
0x00007ff839cb0000 - 0x00007ff839cb9000 	C:\Windows\SYSTEM32\WSOCK32.dll
0x00007ff84c900000 - 0x00007ff84c96b000 	C:\Windows\System32\WS2_32.dll
0x00007ff848950000 - 0x00007ff848962000 	C:\Windows\SYSTEM32\kernel.appcore.dll
0x00007ff8447d0000 - 0x00007ff8447da000 	D:\sts-4.15.3.RELEASE\plugins\org.eclipse.justj.openjdk.hotspot.jre.full.win32.x86_64_17.0.4.v20220805-1047\jre\bin\jimage.dll
0x00007ff845320000 - 0x00007ff845504000 	C:\Windows\SYSTEM32\DBGHELP.DLL
0x00007ff845210000 - 0x00007ff845245000 	C:\Windows\SYSTEM32\dbgcore.DLL
0x00007ff84b330000 - 0x00007ff84b3b2000 	C:\Windows\System32\bcryptPrimitives.dll
0x00007ff8354d0000 - 0x00007ff8354f5000 	D:\sts-4.15.3.RELEASE\plugins\org.eclipse.justj.openjdk.hotspot.jre.full.win32.x86_64_17.0.4.v20220805-1047\jre\bin\java.dll
0x00007ff8354b0000 - 0x00007ff8354c8000 	D:\sts-4.15.3.RELEASE\plugins\org.eclipse.justj.openjdk.hotspot.jre.full.win32.x86_64_17.0.4.v20220805-1047\jre\bin\zip.dll
0x00007ff84bb50000 - 0x00007ff84c295000 	C:\Windows\System32\SHELL32.dll
0x00007ff848b50000 - 0x00007ff8492e2000 	C:\Windows\SYSTEM32\windows.storage.dll
0x00007ff84ce80000 - 0x00007ff84d1d5000 	C:\Windows\System32\combase.dll
0x00007ff84a3f0000 - 0x00007ff84a420000 	C:\Windows\SYSTEM32\Wldp.dll
0x00007ff84c710000 - 0x00007ff84c7bd000 	C:\Windows\System32\SHCORE.dll
0x00007ff84c340000 - 0x00007ff84c395000 	C:\Windows\System32\shlwapi.dll
0x00007ff84a9b0000 - 0x00007ff84a9cf000 	C:\Windows\SYSTEM32\profapi.dll
0x00007ff835490000 - 0x00007ff8354a9000 	D:\sts-4.15.3.RELEASE\plugins\org.eclipse.justj.openjdk.hotspot.jre.full.win32.x86_64_17.0.4.v20220805-1047\jre\bin\net.dll
0x00007ff843c90000 - 0x00007ff843d9a000 	C:\Windows\SYSTEM32\WINHTTP.dll
0x00007ff84a150000 - 0x00007ff84a1ba000 	C:\Windows\system32\mswsock.dll
0x00007ff835470000 - 0x00007ff835485000 	D:\sts-4.15.3.RELEASE\plugins\org.eclipse.justj.openjdk.hotspot.jre.full.win32.x86_64_17.0.4.v20220805-1047\jre\bin\nio.dll
0x00007ff8352a0000 - 0x00007ff8352a9000 	D:\sts-4.15.3.RELEASE\plugins\org.eclipse.justj.openjdk.hotspot.jre.full.win32.x86_64_17.0.4.v20220805-1047\jre\bin\management.dll
0x00007ff81be90000 - 0x00007ff81be9b000 	D:\sts-4.15.3.RELEASE\plugins\org.eclipse.justj.openjdk.hotspot.jre.full.win32.x86_64_17.0.4.v20220805-1047\jre\bin\management_ext.dll
0x00007ff8333a0000 - 0x00007ff8333b7000 	C:\Windows\system32\napinsp.dll
0x00007ff833380000 - 0x00007ff83339b000 	C:\Windows\system32\pnrpnsp.dll
0x00007ff833360000 - 0x00007ff833375000 	C:\Windows\system32\wshbth.dll
0x00007ff8456a0000 - 0x00007ff8456bd000 	C:\Windows\system32\NLAapi.dll
0x00007ff849e40000 - 0x00007ff849e7b000 	C:\Windows\SYSTEM32\IPHLPAPI.DLL
0x00007ff849e80000 - 0x00007ff849f4b000 	C:\Windows\SYSTEM32\DNSAPI.dll
0x00007ff84d320000 - 0x00007ff84d328000 	C:\Windows\System32\NSI.dll
0x00007ff8330a0000 - 0x00007ff8330b2000 	C:\Windows\System32\winrnr.dll
0x00007ff843650000 - 0x00007ff84365a000 	C:\Windows\System32\rasadhlp.dll
0x00007ff843230000 - 0x00007ff8432b0000 	C:\Windows\System32\fwpuclnt.dll
0x00007ff84b0a0000 - 0x00007ff84b0c7000 	C:\Windows\System32\bcrypt.dll
0x00007ff84a340000 - 0x00007ff84a358000 	C:\Windows\SYSTEM32\CRYPTSP.dll
0x00007ff849a70000 - 0x00007ff849aa4000 	C:\Windows\system32\rsaenh.dll
0x00007ff84a970000 - 0x00007ff84a99e000 	C:\Windows\SYSTEM32\USERENV.dll
0x00007ff84a360000 - 0x00007ff84a36c000 	C:\Windows\SYSTEM32\CRYPTBASE.dll
0x00007ff845090000 - 0x00007ff8450a7000 	C:\Windows\SYSTEM32\dhcpcsvc6.DLL
0x00007ff845070000 - 0x00007ff84508d000 	C:\Windows\SYSTEM32\dhcpcsvc.DLL
0x00007ff835460000 - 0x00007ff835470000 	D:\sts-4.15.3.RELEASE\plugins\org.eclipse.justj.openjdk.hotspot.jre.full.win32.x86_64_17.0.4.v20220805-1047\jre\bin\verify.dll
0x00007ff82bae0000 - 0x00007ff82baee000 	D:\sts-4.15.3.RELEASE\plugins\org.eclipse.justj.openjdk.hotspot.jre.full.win32.x86_64_17.0.4.v20220805-1047\jre\bin\sunmscapi.dll
0x00007ff84ab10000 - 0x00007ff84ac66000 	C:\Windows\System32\CRYPT32.dll
0x00007ff84a460000 - 0x00007ff84a487000 	C:\Windows\SYSTEM32\ncrypt.dll
0x00007ff84a420000 - 0x00007ff84a45b000 	C:\Windows\SYSTEM32\NTASN1.dll
0x00007ff845970000 - 0x00007ff845977000 	C:\Windows\system32\wshunix.dll
0x00007ff834fb0000 - 0x00007ff834fbf000 	C:\workspaceStartupHub\FMDS\src\main\resources\static\install\e_pdf\e_pdf_convert_x64.dll
0x00007ff84c7c0000 - 0x00007ff84c8ea000 	C:\Windows\System32\ole32.dll
0x00007ff84ba80000 - 0x00007ff84bb4d000 	C:\Windows\System32\OLEAUT32.dll
0x0000000074da0000 - 0x0000000075289000 	C:\Windows\WinSxS\amd64_microsoft.vc90.mfc_1fc8b3b9a1e18e3b_9.0.30729.6161_none_044aad0bab1eb146\mfc90u.dll
0x0000000075290000 - 0x0000000075333000 	C:\Windows\WinSxS\amd64_microsoft.vc90.crt_1fc8b3b9a1e18e3b_9.0.30729.9625_none_08e1c10da83fbc83\MSVCR90.dll
0x00007ff835430000 - 0x00007ff835437000 	C:\Windows\SYSTEM32\MSIMG32.dll
0x00007ff848480000 - 0x00007ff84851e000 	C:\Windows\system32\UxTheme.dll
0x00007ff848770000 - 0x00007ff84879f000 	C:\Windows\system32\dwmapi.dll
0x0000023b84110000 - 0x0000023b8411a000 	C:\Windows\WinSxS\amd64_microsoft.vc90.mfcloc_1fc8b3b9a1e18e3b_9.0.30729.6161_none_01c9581e60cbee58\MFC90KOR.DLL
0x00007ff845ae0000 - 0x00007ff845bd6000 	C:\Windows\SYSTEM32\PROPSYS.dll
0x00007ff84c5c0000 - 0x00007ff84c669000 	C:\Windows\System32\clbcatq.dll
0x00007ff84b0d0000 - 0x00007ff84b11e000 	C:\Windows\System32\CFGMGR32.dll
0x00007ff820710000 - 0x00007ff820734000 	C:\Windows\SYSTEM32\edputil.dll
0x00007ff82f650000 - 0x00007ff82f796000 	C:\Windows\System32\Windows.StateRepositoryPS.dll
0x00007ff840870000 - 0x00007ff840a5c000 	C:\Windows\SYSTEM32\urlmon.dll
0x00007ff83f820000 - 0x00007ff83fad1000 	C:\Windows\SYSTEM32\iertutil.dll
0x00007ff849fa0000 - 0x00007ff849fac000 	C:\Windows\SYSTEM32\netutils.dll
0x00007ff840620000 - 0x00007ff840648000 	C:\Windows\SYSTEM32\srvcli.dll
0x00007ff84a930000 - 0x00007ff84a962000 	C:\Windows\SYSTEM32\SspiCli.dll
0x00007ff82cc70000 - 0x00007ff82cc83000 	C:\Windows\SYSTEM32\virtdisk.dll
0x00007ff82cc60000 - 0x00007ff82cc6b000 	C:\Windows\SYSTEM32\FLTLIB.DLL
0x00007ff847640000 - 0x00007ff847794000 	C:\Windows\System32\wintypes.dll
0x00007ff81bed0000 - 0x00007ff81bf60000 	C:\Windows\System32\appresolver.dll
0x00007ff82a930000 - 0x00007ff82a98b000 	C:\Windows\System32\Bcp47Langs.dll
0x00007ff8495b0000 - 0x00007ff8495d9000 	C:\Windows\System32\SLC.dll
0x00007ff849580000 - 0x00007ff8495a5000 	C:\Windows\System32\sppc.dll
0x00007ff81df50000 - 0x00007ff81dfcf000 	C:\Windows\System32\OneCoreCommonProxyStub.dll
0x00007ff83e9f0000 - 0x00007ff83f1bb000 	C:\Windows\System32\OneCoreUAPCommonProxyStub.dll

dbghelp: loaded successfully - version: 4.0.5 - missing functions: none
symbol engine: initialized successfully - sym options: 0x614 - pdb path: .;D:\sts-4.15.3.RELEASE\plugins\org.eclipse.justj.openjdk.hotspot.jre.full.win32.x86_64_17.0.4.v20220805-1047\jre\bin;C:\Windows\SYSTEM32;C:\Windows\WinSxS\amd64_microsoft.windows.common-controls_6595b64144ccf1df_6.0.19041.1110_none_60b5254171f9507e;D:\sts-4.15.3.RELEASE\plugins\org.eclipse.justj.openjdk.hotspot.jre.full.win32.x86_64_17.0.4.v20220805-1047\jre\bin\server;C:\workspaceStartupHub\FMDS\src\main\resources\static\install\e_pdf;C:\Windows\WinSxS\amd64_microsoft.vc90.mfc_1fc8b3b9a1e18e3b_9.0.30729.6161_none_044aad0bab1eb146;C:\Windows\WinSxS\amd64_microsoft.vc90.crt_1fc8b3b9a1e18e3b_9.0.30729.9625_none_08e1c10da83fbc83;C:\Windows\WinSxS\amd64_microsoft.vc90.mfcloc_1fc8b3b9a1e18e3b_9.0.30729.6161_none_01c9581e60cbee58

VM Arguments:
jvm_args: -Dcom.sun.management.jmxremote -Dcom.sun.management.jmxremote.port=57284 -Dcom.sun.management.jmxremote.authenticate=false -Dcom.sun.management.jmxremote.ssl=false -Djava.rmi.server.hostname=localhost -Dspring.jmx.enabled=true -Dspring.application.admin.enabled=true -Djava.library.path=C:\workspaceStartupHub\FMDS\src\main\resources\static\install\e_pdf -XX:TieredStopAtLevel=1 -Dspring.boot.project.name=FMDS -Dfile.encoding=UTF-8 -XX:+ShowCodeDetailsInExceptionMessages 
java_command: kr.esob.fdms.FdmsApplication --spring.output.ansi.enabled=always
java_class_path (initial): C:\workspaceStartupHub\FMDS\target\classes;C:\workspaceStartupHub\FMDS\src\main\webapp\WEB-INF\lib\neo-crypt-common.jar;C:\workspaceStartupHub\FMDS\src\main\webapp\WEB-INF\lib\neo-crypt-decrypt.jar;C:\workspaceStartupHub\FMDS\src\main\webapp\WEB-INF\lib\neo-crypt-encrypt.jar;C:\workspaceStartupHub\FMDS\src\main\webapp\WEB-INF\lib\DSGAuthPkg.jar;C:\workspaceStartupHub\FMDS\src\main\webapp\WEB-INF\lib\jboss-jsse-api_8.0_spec-1.0.0.Final.jar;C:\Users\esob_svr\.m2\repository\org\apache\axis\axis\1.4\axis-1.4.jar;C:\Users\esob_svr\.m2\repository\javax\xml\jaxrpc-api\1.1\jaxrpc-api-1.1.jar;C:\Users\esob_svr\.m2\repository\org\springframework\boot\spring-boot-starter-tomcat\2.1.4.RELEASE\spring-boot-starter-tomcat-2.1.4.RELEASE.jar;C:\Users\esob_svr\.m2\repository\javax\annotation\javax.annotation-api\1.3.2\javax.annotation-api-1.3.2.jar;C:\Users\esob_svr\.m2\repository\org\apache\tomcat\embed\tomcat-embed-core\9.0.17\tomcat-embed-core-9.0.17.jar;C:\Users\esob_svr\.m2\repository\org\apache\tomcat\embed\tomcat-embed-el\9.0.17\tomcat-embed-el-9.0.17.jar;C:\Users\esob_svr\.m2\repository\org\apache\tomcat\embed\tomcat-embed-websocket\9.0.17\tomcat-embed-websocket-9.0.17.jar;C:\Users\esob_svr\.m2\repository\org\springframework\boot\spring-boot-starter\2.1.4.RELEASE\spring-boot-starter-2.1.4.RELEASE.jar;C:\Users\esob_svr\.m2\repository\org\springframework\boot\spring-boot\2.1.4.RELEASE\spring-boot-2.1.4.RELEASE.jar;C:\Users\esob_svr\.m2\repository\org\springframework\boot\spring-boot-autoconfigure\2.1.4.RELEASE\spring-boot-autoconfigure-2.1.4.RELEASE.jar;C:\Users\esob_svr\.m2\repository\org\springframework\boot\spring-boot-starter-logging\2.1.4.RELEASE\spring-boot-starter-logging-2.1.4.RELEASE.jar;C:\Users\esob_svr\.m2\repository\org\apache\logging\log4j\log4j-to-slf4j\2.11.2\log4j-to-slf4j-2.11.2.jar;C:\Users\esob_svr\.m2\repository\org\apache\logging\log4j\log4j-api\2.11.2\log4j-api-2.11.2.jar;C:\Users\esob_svr\.m2\repository\org\slf4j\jul-to-slf4j
Launcher Type: SUN_STANDARD

[Global flags]
     intx CICompilerCount                          = 12                                        {product} {ergonomic}
     uint ConcGCThreads                            = 4                                         {product} {ergonomic}
     uint G1ConcRefinementThreads                  = 15                                        {product} {ergonomic}
   size_t G1HeapRegionSize                         = 4194304                                   {product} {ergonomic}
    uintx GCDrainStackTargetSize                   = 64                                        {product} {ergonomic}
   size_t InitialHeapSize                          = 536870912                                 {product} {ergonomic}
     bool ManagementServer                         = true                                      {product} {command line}
   size_t MarkStackSize                            = 4194304                                   {product} {ergonomic}
   size_t MaxHeapSize                              = 8531214336                                {product} {ergonomic}
   size_t MaxNewSize                               = 5117050880                                {product} {ergonomic}
   size_t MinHeapDeltaBytes                        = 4194304                                   {product} {ergonomic}
   size_t MinHeapSize                              = 8388608                                   {product} {ergonomic}
    uintx NonProfiledCodeHeapSize                  = 0                                      {pd product} {ergonomic}
     bool ProfileInterpreter                       = false                                  {pd product} {command line}
    uintx ProfiledCodeHeapSize                     = 0                                      {pd product} {ergonomic}
     bool ShowCodeDetailsInExceptionMessages       = true                                   {manageable} {command line}
   size_t SoftMaxHeapSize                          = 8531214336                             {manageable} {ergonomic}
     intx TieredStopAtLevel                        = 1                                         {product} {command line}
     bool UseCompressedClassPointers               = true                           {product lp64_product} {ergonomic}
     bool UseCompressedOops                        = true                           {product lp64_product} {ergonomic}
     bool UseG1GC                                  = true                                      {product} {ergonomic}
     bool UseLargePagesIndividualAllocation        = false                                  {pd product} {ergonomic}

Logging:
Log output configuration:
 #0: stdout all=warning uptime,level,tags
 #1: stderr all=off uptime,level,tags

Environment Variables:
JAVA_HOME=C:\Program Files\ojdkbuild\java-1.8.0-openjdk-1.8.0.332-1
PATH=D:/sts-4.15.3.RELEASE//plugins/org.eclipse.justj.openjdk.hotspot.jre.full.win32.x86_64_17.0.4.v20220805-1047/jre/bin/server;D:/sts-4.15.3.RELEASE//plugins/org.eclipse.justj.openjdk.hotspot.jre.full.win32.x86_64_17.0.4.v20220805-1047/jre/bin;C:\Program Files (x86)\OpenJDK\jdk-8.0.362.09-hotspot\bin;C:\app\oracle\product\12.2.0\dbhome_1\bin;C:\Windows\system32;C:\Windows;C:\Windows\System32\Wbem;C:\Windows\System32\WindowsPowerShell\v1.0\;C:\Windows\System32\OpenSSH\;C:\Program Files\Bandizip\;C:\Program Files\ojdkbuild\java-1.8.0-openjdk-1.8.0.332-1\missioncontrol\;C:\Program Files\ojdkbuild\java-1.8.0-openjdk-1.8.0.332-1\bin;C:\Program Files\ojdkbuild\java-1.8.0-openjdk-1.8.0.332-1\jre\bin;C:\Program Files\dotnet\;D:\VIZCoreTransIOP\NT_VC14_64_DLL\code\bin;C:\Program Files\gs\gs10.00.0\bin;C:\Program Files\nodejs\;C:\Users\esob_svr\AppData\Local\Microsoft\WindowsApps;C:\Users\esob_svr\.dotnet\tools;C:\Users\esob_svr\AppData\Roaming\npm;D:\sts-4.15.3.RELEASE;
USERNAME=esob_svr
ARCH=NT_VC14_64_DLL
OS=Windows_NT
PROCESSOR_IDENTIFIER=Intel64 Family 6 Model 151 Stepping 2, GenuineIntel
TMP=C:\Users\esob_svr\AppData\Local\Temp
TEMP=C:\Users\esob_svr\AppData\Local\Temp



---------------  S Y S T E M  ---------------

OS:
 Windows 10 , 64 bit Build 19041 (10.0.19041.2546)
OS uptime: 6 days 14:37 hours

CPU: total 20 (initial active 20) (10 cores per cpu, 2 threads per core) family 6 model 151 stepping 2 microcode 0x1a, cx8, cmov, fxsr, ht, mmx, 3dnowpref, sse, sse2, sse3, ssse3, sse4.1, sse4.2, popcnt, lzcnt, tsc, tscinvbit, avx, avx2, aes, erms, clmul, bmi1, bmi2, adx, sha, fma, vzeroupper, clflush, clflushopt, clwb

Memory: 4k page, system-wide physical 32541M (19073M free)
TotalPageFile size 37405M (AvailPageFile size 16382M)
current process WorkingSet (physical memory assigned to process): 389M, peak: 421M
current process commit charge ("private bytes"): 434M, peak: 650M

vm_info: OpenJDK 64-Bit Server VM (17.0.4+8) for windows-amd64 JRE (17.0.4+8), built on Jul 19 2022 16:05:16 by "temurin" with MS VC++ 16.7 (VS2019)

END.
